[2025-09-14T20:27:32.411+0000] {local_task_job_runner.py:123} INFO - ::group::Pre task execution logs
[2025-09-14T20:27:32.440+0000] {taskinstance.py:2612} INFO - Dependencies all met for dep_context=non-requeueable deps ti=<TaskInstance: train_model_dag_batch_iterative_85000.check_training_data manual__2025-09-14T20:27:29.184605+00:00 [queued]>
[2025-09-14T20:27:32.452+0000] {taskinstance.py:2612} INFO - Dependencies all met for dep_context=requeueable deps ti=<TaskInstance: train_model_dag_batch_iterative_85000.check_training_data manual__2025-09-14T20:27:29.184605+00:00 [queued]>
[2025-09-14T20:27:32.453+0000] {taskinstance.py:2865} INFO - Starting attempt 1 of 2
[2025-09-14T20:27:32.479+0000] {taskinstance.py:2888} INFO - Executing <Task(BashOperator): check_training_data> on 2025-09-14 20:27:29.184605+00:00
[2025-09-14T20:27:32.497+0000] {standard_task_runner.py:104} INFO - Running: ['airflow', 'tasks', 'run', 'train_model_dag_batch_iterative_85000', 'check_training_data', 'manual__2025-09-14T20:27:29.184605+00:00', '--job-id', '29', '--raw', '--subdir', 'DAGS_FOLDER/train_dag.py', '--cfg-path', '/tmp/tmpeu1o2o3q']
[2025-09-14T20:27:32.509+0000] {standard_task_runner.py:105} INFO - Job 29: Subtask check_training_data
[2025-09-14T20:27:32.507+0000] {logging_mixin.py:190} WARNING - /home/airflow/.local/lib/python3.12/site-packages/airflow/task/task_runner/standard_task_runner.py:70 DeprecationWarning: This process (pid=9021) is multi-threaded, use of fork() may lead to deadlocks in the child.
[2025-09-14T20:27:32.513+0000] {standard_task_runner.py:72} INFO - Started process 9023 to run task
[2025-09-14T20:27:32.620+0000] {task_command.py:467} INFO - Running <TaskInstance: train_model_dag_batch_iterative_85000.check_training_data manual__2025-09-14T20:27:29.184605+00:00 [running]> on host 28a36d2554cb
[2025-09-14T20:27:32.771+0000] {taskinstance.py:3131} INFO - Exporting env vars: AIRFLOW_CTX_DAG_OWNER='airflow' AIRFLOW_CTX_DAG_ID='train_model_dag_batch_iterative_85000' AIRFLOW_CTX_TASK_ID='check_training_data' AIRFLOW_CTX_EXECUTION_DATE='2025-09-14T20:27:29.184605+00:00' AIRFLOW_CTX_TRY_NUMBER='1' AIRFLOW_CTX_DAG_RUN_ID='manual__2025-09-14T20:27:29.184605+00:00'
[2025-09-14T20:27:32.773+0000] {taskinstance.py:731} INFO - ::endgroup::
[2025-09-14T20:27:32.799+0000] {subprocess.py:63} INFO - Tmp dir root location: /tmp
[2025-09-14T20:27:32.802+0000] {subprocess.py:75} INFO - Running command: ['/usr/bin/bash', '-c', "echo '=== Checking training data availability ===' && ls -lh /opt/airflow/data/ && [ -f /opt/airflow/data/X_train_update.csv ] || (echo 'Missing X_train_update.csv' && exit 1) && [ -f /opt/airflow/data/Y_train_CVw08PX.csv ] || (echo 'Missing Y_train_CVw08PX.csv' && exit 1) && [ -d /opt/airflow/data/images/image_train/ ] || (echo 'Missing training images' && exit 1) && echo '✓ All training files are present'"]
[2025-09-14T20:27:32.821+0000] {subprocess.py:86} INFO - Output:
[2025-09-14T20:27:32.872+0000] {subprocess.py:93} INFO - === Checking training data availability ===
[2025-09-14T20:27:32.917+0000] {subprocess.py:93} INFO - total 622M
[2025-09-14T20:27:32.918+0000] {subprocess.py:93} INFO - -rwxrwxrwx 1 root root 8.5M Oct  9  2024 X_test_update.csv
[2025-09-14T20:27:32.919+0000] {subprocess.py:93} INFO - -rwxrwxrwx 1 root root  52M Aug 29 07:27 X_train_update.csv
[2025-09-14T20:27:32.919+0000] {subprocess.py:93} INFO - -rwxrwxrwx 1 root root 886K Oct  9  2024 Y_train_CVw08PX.csv
[2025-09-14T20:27:32.920+0000] {subprocess.py:93} INFO - drwxr-xr-x 1 root root  512 Sep  7 13:04 artifacts
[2025-09-14T20:27:32.921+0000] {subprocess.py:93} INFO - drwxr-xr-x 1 root root  512 Sep  5 23:36 feature_cache
[2025-09-14T20:27:32.921+0000] {subprocess.py:93} INFO - drwxr-xr-x 1 root root  512 Sep  7 08:35 features
[2025-09-14T20:27:32.922+0000] {subprocess.py:93} INFO - -rwxrwxrwx 1 root root 163M Sep 10 23:41 image_features.npy
[2025-09-14T20:27:32.922+0000] {subprocess.py:93} INFO - -rwxrwxrwx 1 root root  108 Sep 10 23:41 image_features.npy.dvc
[2025-09-14T20:27:32.923+0000] {subprocess.py:93} INFO - drwxrwxrwx 1 root root  512 Sep  6 18:41 images
[2025-09-14T20:27:32.923+0000] {subprocess.py:93} INFO - -rwxrwxrwx 1 root root 398M Sep 10 23:41 text_features.npy
[2025-09-14T20:27:32.924+0000] {subprocess.py:93} INFO - -rwxrwxrwx 1 root root  107 Sep 10 23:41 text_features.npy.dvc
[2025-09-14T20:27:32.925+0000] {subprocess.py:93} INFO - ✓ All training files are present
[2025-09-14T20:27:32.925+0000] {subprocess.py:97} INFO - Command exited with return code 0
[2025-09-14T20:27:32.963+0000] {taskinstance.py:340} INFO - ::group::Post task execution logs
[2025-09-14T20:27:32.964+0000] {taskinstance.py:352} INFO - Marking task as SUCCESS. dag_id=train_model_dag_batch_iterative_85000, task_id=check_training_data, run_id=manual__2025-09-14T20:27:29.184605+00:00, execution_date=20250914T202729, start_date=20250914T202732, end_date=20250914T202732
[2025-09-14T20:27:33.032+0000] {local_task_job_runner.py:266} INFO - Task exited with return code 0
[2025-09-14T20:27:33.050+0000] {logging_mixin.py:190} WARNING - /home/airflow/.local/lib/python3.12/site-packages/airflow/models/baseoperator.py:1378 AirflowProviderDeprecationWarning: Call to deprecated class SimpleHttpOperator. (Class `SimpleHttpOperator` is deprecated and will be removed in a future release. Please use `HttpOperator` instead.)
[2025-09-14T20:27:33.099+0000] {taskinstance.py:3900} INFO - 4 downstream tasks scheduled from follow-on schedule check
[2025-09-14T20:27:33.103+0000] {local_task_job_runner.py:245} INFO - ::endgroup::
