[2025-09-14T18:17:55.615+0000] {local_task_job_runner.py:123} INFO - ::group::Pre task execution logs
[2025-09-14T18:17:55.649+0000] {taskinstance.py:2612} INFO - Dependencies all met for dep_context=non-requeueable deps ti=<TaskInstance: train_model_dag_batch_iterative_85000.wait_for_gate_api manual__2025-09-14T18:17:48.184988+00:00 [queued]>
[2025-09-14T18:17:55.671+0000] {taskinstance.py:2612} INFO - Dependencies all met for dep_context=requeueable deps ti=<TaskInstance: train_model_dag_batch_iterative_85000.wait_for_gate_api manual__2025-09-14T18:17:48.184988+00:00 [queued]>
[2025-09-14T18:17:55.672+0000] {taskinstance.py:2865} INFO - Starting attempt 1 of 2
[2025-09-14T18:17:55.701+0000] {taskinstance.py:2888} INFO - Executing <Task(HttpSensor): wait_for_gate_api> on 2025-09-14 18:17:48.184988+00:00
[2025-09-14T18:17:55.747+0000] {standard_task_runner.py:104} INFO - Running: ['airflow', 'tasks', 'run', 'train_model_dag_batch_iterative_85000', 'wait_for_gate_api', 'manual__2025-09-14T18:17:48.184988+00:00', '--job-id', '17', '--raw', '--subdir', 'DAGS_FOLDER/train_dag.py', '--cfg-path', '/tmp/tmpb5b3n9l3']
[2025-09-14T18:17:55.754+0000] {standard_task_runner.py:105} INFO - Job 17: Subtask wait_for_gate_api
[2025-09-14T18:17:55.759+0000] {logging_mixin.py:190} WARNING - /home/airflow/.local/lib/python3.12/site-packages/airflow/task/task_runner/standard_task_runner.py:70 DeprecationWarning: This process (pid=4192) is multi-threaded, use of fork() may lead to deadlocks in the child.
[2025-09-14T18:17:55.767+0000] {standard_task_runner.py:72} INFO - Started process 4200 to run task
[2025-09-14T18:17:55.919+0000] {task_command.py:467} INFO - Running <TaskInstance: train_model_dag_batch_iterative_85000.wait_for_gate_api manual__2025-09-14T18:17:48.184988+00:00 [running]> on host 28a36d2554cb
[2025-09-14T18:17:56.502+0000] {taskinstance.py:3131} INFO - Exporting env vars: AIRFLOW_CTX_DAG_OWNER='airflow' AIRFLOW_CTX_DAG_ID='train_model_dag_batch_iterative_85000' AIRFLOW_CTX_TASK_ID='wait_for_gate_api' AIRFLOW_CTX_EXECUTION_DATE='2025-09-14T18:17:48.184988+00:00' AIRFLOW_CTX_TRY_NUMBER='1' AIRFLOW_CTX_DAG_RUN_ID='manual__2025-09-14T18:17:48.184988+00:00'
[2025-09-14T18:17:56.531+0000] {taskinstance.py:731} INFO - ::endgroup::
[2025-09-14T18:17:56.617+0000] {baseoperator.py:405} WARNING - HttpSensor.execute cannot be called outside TaskInstance!
[2025-09-14T18:17:56.691+0000] {http.py:137} INFO - Poking: /health
[2025-09-14T18:17:56.710+0000] {base.py:84} INFO - Retrieving connection 'gate_api'
[2025-09-14T18:17:56.901+0000] {base.py:336} INFO - Success criteria met. Exiting.
[2025-09-14T18:17:56.957+0000] {taskinstance.py:340} INFO - ::group::Post task execution logs
[2025-09-14T18:17:56.964+0000] {taskinstance.py:352} INFO - Marking task as SUCCESS. dag_id=train_model_dag_batch_iterative_85000, task_id=wait_for_gate_api, run_id=manual__2025-09-14T18:17:48.184988+00:00, execution_date=20250914T181748, start_date=20250914T181755, end_date=20250914T181756
[2025-09-14T18:17:57.101+0000] {local_task_job_runner.py:266} INFO - Task exited with return code 0
[2025-09-14T18:17:57.143+0000] {logging_mixin.py:190} WARNING - /home/airflow/.local/lib/python3.12/site-packages/airflow/models/baseoperator.py:1378 AirflowProviderDeprecationWarning: Call to deprecated class SimpleHttpOperator. (Class `SimpleHttpOperator` is deprecated and will be removed in a future release. Please use `HttpOperator` instead.)
[2025-09-14T18:17:57.255+0000] {taskinstance.py:3900} INFO - 0 downstream tasks scheduled from follow-on schedule check
[2025-09-14T18:17:57.260+0000] {local_task_job_runner.py:245} INFO - ::endgroup::
