[2025-09-14T20:03:58.763+0000] {local_task_job_runner.py:123} INFO - ::group::Pre task execution logs
[2025-09-14T20:03:58.800+0000] {taskinstance.py:2612} INFO - Dependencies all met for dep_context=non-requeueable deps ti=<TaskInstance: train_model_dag_batch_iterative_85000.check_training_data manual__2025-09-14T20:03:39.045326+00:00 [queued]>
[2025-09-14T20:03:58.826+0000] {taskinstance.py:2612} INFO - Dependencies all met for dep_context=requeueable deps ti=<TaskInstance: train_model_dag_batch_iterative_85000.check_training_data manual__2025-09-14T20:03:39.045326+00:00 [queued]>
[2025-09-14T20:03:58.827+0000] {taskinstance.py:2865} INFO - Starting attempt 1 of 2
[2025-09-14T20:03:58.856+0000] {taskinstance.py:2888} INFO - Executing <Task(BashOperator): check_training_data> on 2025-09-14 20:03:39.045326+00:00
[2025-09-14T20:03:58.910+0000] {standard_task_runner.py:104} INFO - Running: ['airflow', 'tasks', 'run', 'train_model_dag_batch_iterative_85000', 'check_training_data', 'manual__2025-09-14T20:03:39.045326+00:00', '--job-id', '20', '--raw', '--subdir', 'DAGS_FOLDER/train_dag.py', '--cfg-path', '/tmp/tmpw8jezun1']
[2025-09-14T20:03:58.915+0000] {standard_task_runner.py:105} INFO - Job 20: Subtask check_training_data
[2025-09-14T20:03:58.917+0000] {logging_mixin.py:190} WARNING - /home/airflow/.local/lib/python3.12/site-packages/airflow/task/task_runner/standard_task_runner.py:70 DeprecationWarning: This process (pid=8108) is multi-threaded, use of fork() may lead to deadlocks in the child.
[2025-09-14T20:03:58.919+0000] {standard_task_runner.py:72} INFO - Started process 8116 to run task
[2025-09-14T20:03:59.576+0000] {task_command.py:467} INFO - Running <TaskInstance: train_model_dag_batch_iterative_85000.check_training_data manual__2025-09-14T20:03:39.045326+00:00 [running]> on host 28a36d2554cb
[2025-09-14T20:04:00.177+0000] {taskinstance.py:3131} INFO - Exporting env vars: AIRFLOW_CTX_DAG_OWNER='airflow' AIRFLOW_CTX_DAG_ID='train_model_dag_batch_iterative_85000' AIRFLOW_CTX_TASK_ID='check_training_data' AIRFLOW_CTX_EXECUTION_DATE='2025-09-14T20:03:39.045326+00:00' AIRFLOW_CTX_TRY_NUMBER='1' AIRFLOW_CTX_DAG_RUN_ID='manual__2025-09-14T20:03:39.045326+00:00'
[2025-09-14T20:04:00.196+0000] {taskinstance.py:731} INFO - ::endgroup::
[2025-09-14T20:04:00.347+0000] {subprocess.py:63} INFO - Tmp dir root location: /tmp
[2025-09-14T20:04:00.349+0000] {subprocess.py:75} INFO - Running command: ['/usr/bin/bash', '-c', "echo '=== Checking training data availability ===' && ls -lh /opt/airflow/data/ && [ -f /opt/airflow/data/X_train_update.csv ] || (echo 'Missing X_train_update.csv' && exit 1) && [ -f /opt/airflow/data/Y_train_CVw08PX.csv ] || (echo 'Missing Y_train_CVw08PX.csv' && exit 1) && [ -d /opt/airflow/data/images/image_train/ ] || (echo 'Missing training images' && exit 1) && echo '✓ All training files are present'"]
[2025-09-14T20:04:00.398+0000] {subprocess.py:86} INFO - Output:
[2025-09-14T20:04:00.490+0000] {subprocess.py:93} INFO - === Checking training data availability ===
[2025-09-14T20:04:00.584+0000] {subprocess.py:93} INFO - total 622M
[2025-09-14T20:04:00.586+0000] {subprocess.py:93} INFO - -rwxrwxrwx 1 root root 8.5M Oct  9  2024 X_test_update.csv
[2025-09-14T20:04:00.587+0000] {subprocess.py:93} INFO - -rwxrwxrwx 1 root root  52M Aug 29 07:27 X_train_update.csv
[2025-09-14T20:04:00.588+0000] {subprocess.py:93} INFO - -rwxrwxrwx 1 root root 886K Oct  9  2024 Y_train_CVw08PX.csv
[2025-09-14T20:04:00.589+0000] {subprocess.py:93} INFO - drwxr-xr-x 1 root root  512 Sep  7 13:04 artifacts
[2025-09-14T20:04:00.590+0000] {subprocess.py:93} INFO - drwxr-xr-x 1 root root  512 Sep  5 23:36 feature_cache
[2025-09-14T20:04:00.591+0000] {subprocess.py:93} INFO - drwxr-xr-x 1 root root  512 Sep  7 08:35 features
[2025-09-14T20:04:00.592+0000] {subprocess.py:93} INFO - -rwxrwxrwx 1 root root 163M Sep 10 23:41 image_features.npy
[2025-09-14T20:04:00.592+0000] {subprocess.py:93} INFO - -rwxrwxrwx 1 root root  108 Sep 10 23:41 image_features.npy.dvc
[2025-09-14T20:04:00.593+0000] {subprocess.py:93} INFO - drwxrwxrwx 1 root root  512 Sep  6 18:41 images
[2025-09-14T20:04:00.594+0000] {subprocess.py:93} INFO - -rwxrwxrwx 1 root root 398M Sep 10 23:41 text_features.npy
[2025-09-14T20:04:00.594+0000] {subprocess.py:93} INFO - -rwxrwxrwx 1 root root  107 Sep 10 23:41 text_features.npy.dvc
[2025-09-14T20:04:00.602+0000] {subprocess.py:93} INFO - ✓ All training files are present
[2025-09-14T20:04:00.603+0000] {subprocess.py:97} INFO - Command exited with return code 0
[2025-09-14T20:04:00.729+0000] {taskinstance.py:340} INFO - ::group::Post task execution logs
[2025-09-14T20:04:00.730+0000] {taskinstance.py:352} INFO - Marking task as SUCCESS. dag_id=train_model_dag_batch_iterative_85000, task_id=check_training_data, run_id=manual__2025-09-14T20:03:39.045326+00:00, execution_date=20250914T200339, start_date=20250914T200358, end_date=20250914T200400
[2025-09-14T20:04:00.825+0000] {local_task_job_runner.py:266} INFO - Task exited with return code 0
[2025-09-14T20:04:00.841+0000] {local_task_job_runner.py:245} INFO - ::endgroup::
