[2025-09-19T15:49:05.406+0000] {local_task_job_runner.py:123} INFO - ::group::Pre task execution logs
[2025-09-19T15:49:05.458+0000] {taskinstance.py:2612} INFO - Dependencies all met for dep_context=non-requeueable deps ti=<TaskInstance: rakuten_multimodal_pipeline_full_tracking_02.check_training_data manual__2025-09-19T15:48:55.036692+00:00 [queued]>
[2025-09-19T15:49:05.494+0000] {taskinstance.py:2612} INFO - Dependencies all met for dep_context=requeueable deps ti=<TaskInstance: rakuten_multimodal_pipeline_full_tracking_02.check_training_data manual__2025-09-19T15:48:55.036692+00:00 [queued]>
[2025-09-19T15:49:05.496+0000] {taskinstance.py:2865} INFO - Starting attempt 1 of 2
[2025-09-19T15:49:05.555+0000] {taskinstance.py:2888} INFO - Executing <Task(BashOperator): check_training_data> on 2025-09-19 15:48:55.036692+00:00
[2025-09-19T15:49:05.595+0000] {standard_task_runner.py:104} INFO - Running: ['airflow', 'tasks', 'run', 'rakuten_multimodal_pipeline_full_tracking_02', 'check_training_data', 'manual__2025-09-19T15:48:55.036692+00:00', '--job-id', '48', '--raw', '--subdir', 'DAGS_FOLDER/train_dag_42.py', '--cfg-path', '/tmp/tmpww36tqfw']
[2025-09-19T15:49:05.605+0000] {standard_task_runner.py:105} INFO - Job 48: Subtask check_training_data
[2025-09-19T15:49:05.616+0000] {logging_mixin.py:190} WARNING - /home/airflow/.local/lib/python3.12/site-packages/airflow/task/task_runner/standard_task_runner.py:70 DeprecationWarning: This process (pid=950) is multi-threaded, use of fork() may lead to deadlocks in the child.
[2025-09-19T15:49:05.618+0000] {standard_task_runner.py:72} INFO - Started process 956 to run task
[2025-09-19T15:49:05.833+0000] {task_command.py:467} INFO - Running <TaskInstance: rakuten_multimodal_pipeline_full_tracking_02.check_training_data manual__2025-09-19T15:48:55.036692+00:00 [running]> on host 2596335dfb3c
[2025-09-19T15:49:06.209+0000] {taskinstance.py:3131} INFO - Exporting env vars: AIRFLOW_CTX_DAG_OWNER='airflow' AIRFLOW_CTX_DAG_ID='rakuten_multimodal_pipeline_full_tracking_02' AIRFLOW_CTX_TASK_ID='check_training_data' AIRFLOW_CTX_EXECUTION_DATE='2025-09-19T15:48:55.036692+00:00' AIRFLOW_CTX_TRY_NUMBER='1' AIRFLOW_CTX_DAG_RUN_ID='manual__2025-09-19T15:48:55.036692+00:00'
[2025-09-19T15:49:06.213+0000] {taskinstance.py:731} INFO - ::endgroup::
[2025-09-19T15:49:06.287+0000] {subprocess.py:63} INFO - Tmp dir root location: /tmp
[2025-09-19T15:49:06.290+0000] {subprocess.py:75} INFO - Running command: ['/usr/bin/bash', '-c', "echo '=== Checking data availability ===' && ls -lh /opt/airflow/data/ && [ -d /opt/airflow/data/images/image_train ] || (echo 'Missing image_train dir' && exit 1) && [ -d /opt/airflow/data/images/image_sample ] || (echo 'Missing image_sample dir' && exit 1) && echo '✓ All expected data present'"]
[2025-09-19T15:49:06.347+0000] {subprocess.py:86} INFO - Output:
[2025-09-19T15:49:06.664+0000] {subprocess.py:93} INFO - === Checking data availability ===
[2025-09-19T15:49:07.029+0000] {subprocess.py:93} INFO - total 622M
[2025-09-19T15:49:07.030+0000] {subprocess.py:93} INFO - -rwxrwxrwx 1 root root 8.5M Oct  9  2024 X_test_update.csv
[2025-09-19T15:49:07.031+0000] {subprocess.py:93} INFO - -rwxrwxrwx 1 root root  52M Aug 29 07:27 X_train_update.csv
[2025-09-19T15:49:07.031+0000] {subprocess.py:93} INFO - -rwxrwxrwx 1 root root 886K Oct  9  2024 Y_train_CVw08PX.csv
[2025-09-19T15:49:07.032+0000] {subprocess.py:93} INFO - drwxrwxrwx 1 root root  512 Sep  7 13:04 artifacts
[2025-09-19T15:49:07.033+0000] {subprocess.py:93} INFO - drwxrwxrwx 1 root root  512 Sep  5 23:36 feature_cache
[2025-09-19T15:49:07.034+0000] {subprocess.py:93} INFO - drwxrwxrwx 1 root root  512 Sep  7 08:35 features
[2025-09-19T15:49:07.035+0000] {subprocess.py:93} INFO - -rwxrwxrwx 1 root root 163M Sep 10 23:41 image_features.npy
[2025-09-19T15:49:07.036+0000] {subprocess.py:93} INFO - -rwxrwxrwx 1 root root  108 Sep 10 23:41 image_features.npy.dvc
[2025-09-19T15:49:07.036+0000] {subprocess.py:93} INFO - drwxrwxrwx 1 root root  512 Sep 15 09:20 image_sample
[2025-09-19T15:49:07.037+0000] {subprocess.py:93} INFO - drwxrwxrwx 1 root root  512 Sep 17 17:57 images
[2025-09-19T15:49:07.038+0000] {subprocess.py:93} INFO - -rwxrwxrwx 1 root root 398M Sep 10 23:41 text_features.npy
[2025-09-19T15:49:07.039+0000] {subprocess.py:93} INFO - -rwxrwxrwx 1 root root  107 Sep 10 23:41 text_features.npy.dvc
[2025-09-19T15:49:07.051+0000] {subprocess.py:93} INFO - ✓ All expected data present
[2025-09-19T15:49:07.067+0000] {subprocess.py:97} INFO - Command exited with return code 0
[2025-09-19T15:49:07.227+0000] {taskinstance.py:340} INFO - ::group::Post task execution logs
[2025-09-19T15:49:07.228+0000] {taskinstance.py:352} INFO - Marking task as SUCCESS. dag_id=rakuten_multimodal_pipeline_full_tracking_02, task_id=check_training_data, run_id=manual__2025-09-19T15:48:55.036692+00:00, execution_date=20250919T154855, start_date=20250919T154905, end_date=20250919T154907
[2025-09-19T15:49:07.346+0000] {local_task_job_runner.py:266} INFO - Task exited with return code 0
[2025-09-19T15:49:07.395+0000] {taskinstance.py:3900} INFO - 1 downstream tasks scheduled from follow-on schedule check
[2025-09-19T15:49:07.456+0000] {local_task_job_runner.py:245} INFO - ::endgroup::
