[2025-09-16T08:45:59.251+0000] {local_task_job_runner.py:123} INFO - ::group::Pre task execution logs
[2025-09-16T08:45:59.338+0000] {taskinstance.py:2612} INFO - Dependencies all met for dep_context=non-requeueable deps ti=<TaskInstance: train_model_dag_batch_iterative_85000.wait_for_predict_api manual__2025-09-16T08:45:45.739876+00:00 [queued]>
[2025-09-16T08:45:59.378+0000] {taskinstance.py:2612} INFO - Dependencies all met for dep_context=requeueable deps ti=<TaskInstance: train_model_dag_batch_iterative_85000.wait_for_predict_api manual__2025-09-16T08:45:45.739876+00:00 [queued]>
[2025-09-16T08:45:59.380+0000] {taskinstance.py:2865} INFO - Starting attempt 1 of 2
[2025-09-16T08:45:59.450+0000] {taskinstance.py:2888} INFO - Executing <Task(HttpSensor): wait_for_predict_api> on 2025-09-16 08:45:45.739876+00:00
[2025-09-16T08:45:59.520+0000] {standard_task_runner.py:104} INFO - Running: ['airflow', 'tasks', 'run', 'train_model_dag_batch_iterative_85000', 'wait_for_predict_api', 'manual__2025-09-16T08:45:45.739876+00:00', '--job-id', '45', '--raw', '--subdir', 'DAGS_FOLDER/train_dag.py', '--cfg-path', '/tmp/tmp_ymn_5i7']
[2025-09-16T08:45:59.539+0000] {logging_mixin.py:190} WARNING - /home/airflow/.local/lib/python3.12/site-packages/airflow/task/task_runner/standard_task_runner.py:70 DeprecationWarning: This process (pid=310) is multi-threaded, use of fork() may lead to deadlocks in the child.
[2025-09-16T08:45:59.541+0000] {standard_task_runner.py:105} INFO - Job 45: Subtask wait_for_predict_api
[2025-09-16T08:45:59.543+0000] {standard_task_runner.py:72} INFO - Started process 321 to run task
[2025-09-16T08:46:00.019+0000] {task_command.py:467} INFO - Running <TaskInstance: train_model_dag_batch_iterative_85000.wait_for_predict_api manual__2025-09-16T08:45:45.739876+00:00 [running]> on host 4ac3bd8195c0
[2025-09-16T08:46:00.581+0000] {taskinstance.py:3131} INFO - Exporting env vars: AIRFLOW_CTX_DAG_OWNER='airflow' AIRFLOW_CTX_DAG_ID='train_model_dag_batch_iterative_85000' AIRFLOW_CTX_TASK_ID='wait_for_predict_api' AIRFLOW_CTX_EXECUTION_DATE='2025-09-16T08:45:45.739876+00:00' AIRFLOW_CTX_TRY_NUMBER='1' AIRFLOW_CTX_DAG_RUN_ID='manual__2025-09-16T08:45:45.739876+00:00'
[2025-09-16T08:46:00.586+0000] {taskinstance.py:731} INFO - ::endgroup::
[2025-09-16T08:46:00.667+0000] {baseoperator.py:405} WARNING - HttpSensor.execute cannot be called outside TaskInstance!
[2025-09-16T08:46:00.776+0000] {http.py:137} INFO - Poking: /health
[2025-09-16T08:46:00.815+0000] {base.py:84} INFO - Retrieving connection 'predict_api'
[2025-09-16T08:46:00.881+0000] {base.py:336} INFO - Success criteria met. Exiting.
[2025-09-16T08:46:00.914+0000] {taskinstance.py:340} INFO - ::group::Post task execution logs
[2025-09-16T08:46:00.915+0000] {taskinstance.py:352} INFO - Marking task as SUCCESS. dag_id=train_model_dag_batch_iterative_85000, task_id=wait_for_predict_api, run_id=manual__2025-09-16T08:45:45.739876+00:00, execution_date=20250916T084545, start_date=20250916T084559, end_date=20250916T084600
[2025-09-16T08:46:01.038+0000] {local_task_job_runner.py:266} INFO - Task exited with return code 0
[2025-09-16T08:46:01.069+0000] {logging_mixin.py:190} WARNING - /home/airflow/.local/lib/python3.12/site-packages/airflow/models/baseoperator.py:1378 AirflowProviderDeprecationWarning: Call to deprecated class SimpleHttpOperator. (Class `SimpleHttpOperator` is deprecated and will be removed in a future release. Please use `HttpOperator` instead.)
[2025-09-16T08:46:01.118+0000] {taskinstance.py:3900} INFO - 0 downstream tasks scheduled from follow-on schedule check
[2025-09-16T08:46:01.124+0000] {local_task_job_runner.py:245} INFO - ::endgroup::
