[2025-09-16T08:45:51.137+0000] {local_task_job_runner.py:123} INFO - ::group::Pre task execution logs
[2025-09-16T08:45:51.209+0000] {taskinstance.py:2612} INFO - Dependencies all met for dep_context=non-requeueable deps ti=<TaskInstance: train_model_dag_batch_iterative_85000.check_training_data manual__2025-09-16T08:45:45.739876+00:00 [queued]>
[2025-09-16T08:45:51.226+0000] {taskinstance.py:2612} INFO - Dependencies all met for dep_context=requeueable deps ti=<TaskInstance: train_model_dag_batch_iterative_85000.check_training_data manual__2025-09-16T08:45:45.739876+00:00 [queued]>
[2025-09-16T08:45:51.227+0000] {taskinstance.py:2865} INFO - Starting attempt 1 of 2
[2025-09-16T08:45:51.263+0000] {taskinstance.py:2888} INFO - Executing <Task(BashOperator): check_training_data> on 2025-09-16 08:45:45.739876+00:00
[2025-09-16T08:45:51.307+0000] {standard_task_runner.py:104} INFO - Running: ['airflow', 'tasks', 'run', 'train_model_dag_batch_iterative_85000', 'check_training_data', 'manual__2025-09-16T08:45:45.739876+00:00', '--job-id', '43', '--raw', '--subdir', 'DAGS_FOLDER/train_dag.py', '--cfg-path', '/tmp/tmph12n0y5o']
[2025-09-16T08:45:51.334+0000] {logging_mixin.py:190} WARNING - /home/airflow/.local/lib/python3.12/site-packages/airflow/task/task_runner/standard_task_runner.py:70 DeprecationWarning: This process (pid=301) is multi-threaded, use of fork() may lead to deadlocks in the child.
[2025-09-16T08:45:51.336+0000] {standard_task_runner.py:105} INFO - Job 43: Subtask check_training_data
[2025-09-16T08:45:51.336+0000] {standard_task_runner.py:72} INFO - Started process 303 to run task
[2025-09-16T08:45:51.861+0000] {task_command.py:467} INFO - Running <TaskInstance: train_model_dag_batch_iterative_85000.check_training_data manual__2025-09-16T08:45:45.739876+00:00 [running]> on host 4ac3bd8195c0
[2025-09-16T08:45:52.254+0000] {taskinstance.py:3131} INFO - Exporting env vars: AIRFLOW_CTX_DAG_OWNER='airflow' AIRFLOW_CTX_DAG_ID='train_model_dag_batch_iterative_85000' AIRFLOW_CTX_TASK_ID='check_training_data' AIRFLOW_CTX_EXECUTION_DATE='2025-09-16T08:45:45.739876+00:00' AIRFLOW_CTX_TRY_NUMBER='1' AIRFLOW_CTX_DAG_RUN_ID='manual__2025-09-16T08:45:45.739876+00:00'
[2025-09-16T08:45:52.261+0000] {taskinstance.py:731} INFO - ::endgroup::
[2025-09-16T08:45:52.417+0000] {subprocess.py:63} INFO - Tmp dir root location: /tmp
[2025-09-16T08:45:52.427+0000] {subprocess.py:75} INFO - Running command: ['/usr/bin/bash', '-c', "echo '=== Checking training data availability ===' && ls -lh /opt/airflow/data/ && [ -f /opt/airflow/data/X_train_update.csv ] || (echo 'Missing X_train_update.csv' && exit 1) && [ -f /opt/airflow/data/Y_train_CVw08PX.csv ] || (echo 'Missing Y_train_CVw08PX.csv' && exit 1) && [ -d /opt/airflow/data/images/image_train/ ] || (echo 'Missing training images' && exit 1) && echo '✓ All training files are present'"]
[2025-09-16T08:45:52.497+0000] {subprocess.py:86} INFO - Output:
[2025-09-16T08:45:52.505+0000] {subprocess.py:93} INFO - === Checking training data availability ===
[2025-09-16T08:45:52.593+0000] {subprocess.py:93} INFO - total 622M
[2025-09-16T08:45:52.594+0000] {subprocess.py:93} INFO - -rwxrwxrwx 1 root root 8.5M Oct  9  2024 X_test_update.csv
[2025-09-16T08:45:52.595+0000] {subprocess.py:93} INFO - -rwxrwxrwx 1 root root  52M Aug 29 07:27 X_train_update.csv
[2025-09-16T08:45:52.596+0000] {subprocess.py:93} INFO - -rwxrwxrwx 1 root root 886K Oct  9  2024 Y_train_CVw08PX.csv
[2025-09-16T08:45:52.597+0000] {subprocess.py:93} INFO - drwxr-xr-x 1 root root  512 Sep  7 13:04 artifacts
[2025-09-16T08:45:52.598+0000] {subprocess.py:93} INFO - drwxr-xr-x 1 root root  512 Sep  5 23:36 feature_cache
[2025-09-16T08:45:52.599+0000] {subprocess.py:93} INFO - drwxr-xr-x 1 root root  512 Sep  7 08:35 features
[2025-09-16T08:45:52.600+0000] {subprocess.py:93} INFO - -rwxrwxrwx 1 root root 163M Sep 10 23:41 image_features.npy
[2025-09-16T08:45:52.601+0000] {subprocess.py:93} INFO - -rwxrwxrwx 1 root root  108 Sep 10 23:41 image_features.npy.dvc
[2025-09-16T08:45:52.602+0000] {subprocess.py:93} INFO - drwxrwxrwx 1 root root  512 Sep  6 18:41 images
[2025-09-16T08:45:52.603+0000] {subprocess.py:93} INFO - drwxrwxrwx 1 root root  512 Sep 15 09:20 imeage_sample
[2025-09-16T08:45:52.604+0000] {subprocess.py:93} INFO - -rwxrwxrwx 1 root root 398M Sep 10 23:41 text_features.npy
[2025-09-16T08:45:52.605+0000] {subprocess.py:93} INFO - -rwxrwxrwx 1 root root  107 Sep 10 23:41 text_features.npy.dvc
[2025-09-16T08:45:52.606+0000] {subprocess.py:93} INFO - ✓ All training files are present
[2025-09-16T08:45:52.609+0000] {subprocess.py:97} INFO - Command exited with return code 0
[2025-09-16T08:45:52.696+0000] {taskinstance.py:340} INFO - ::group::Post task execution logs
[2025-09-16T08:45:52.697+0000] {taskinstance.py:352} INFO - Marking task as SUCCESS. dag_id=train_model_dag_batch_iterative_85000, task_id=check_training_data, run_id=manual__2025-09-16T08:45:45.739876+00:00, execution_date=20250916T084545, start_date=20250916T084551, end_date=20250916T084552
[2025-09-16T08:45:52.752+0000] {local_task_job_runner.py:266} INFO - Task exited with return code 0
[2025-09-16T08:45:52.772+0000] {local_task_job_runner.py:245} INFO - ::endgroup::
