[2025-09-18T14:53:14.373+0000] {local_task_job_runner.py:123} INFO - ::group::Pre task execution logs
[2025-09-18T14:53:14.420+0000] {taskinstance.py:2612} INFO - Dependencies all met for dep_context=non-requeueable deps ti=<TaskInstance: rakuten_multimodal_pipeline.wait_for_gate_api manual__2025-09-18T14:53:11.392088+00:00 [queued]>
[2025-09-18T14:53:14.440+0000] {taskinstance.py:2612} INFO - Dependencies all met for dep_context=requeueable deps ti=<TaskInstance: rakuten_multimodal_pipeline.wait_for_gate_api manual__2025-09-18T14:53:11.392088+00:00 [queued]>
[2025-09-18T14:53:14.441+0000] {taskinstance.py:2865} INFO - Starting attempt 1 of 2
[2025-09-18T14:53:14.479+0000] {taskinstance.py:2888} INFO - Executing <Task(HttpSensor): wait_for_gate_api> on 2025-09-18 14:53:11.392088+00:00
[2025-09-18T14:53:14.495+0000] {standard_task_runner.py:104} INFO - Running: ['airflow', 'tasks', 'run', 'rakuten_multimodal_pipeline', 'wait_for_gate_api', 'manual__2025-09-18T14:53:11.392088+00:00', '--job-id', '22', '--raw', '--subdir', 'DAGS_FOLDER/train_dag_40.py', '--cfg-path', '/tmp/tmph3df8yta']
[2025-09-18T14:53:14.502+0000] {standard_task_runner.py:105} INFO - Job 22: Subtask wait_for_gate_api
[2025-09-18T14:53:14.505+0000] {logging_mixin.py:190} WARNING - /home/airflow/.local/lib/python3.12/site-packages/airflow/task/task_runner/standard_task_runner.py:70 DeprecationWarning: This process (pid=353) is multi-threaded, use of fork() may lead to deadlocks in the child.
[2025-09-18T14:53:14.507+0000] {standard_task_runner.py:72} INFO - Started process 354 to run task
[2025-09-18T14:53:14.624+0000] {task_command.py:467} INFO - Running <TaskInstance: rakuten_multimodal_pipeline.wait_for_gate_api manual__2025-09-18T14:53:11.392088+00:00 [running]> on host a90a2baef0ed
[2025-09-18T14:53:14.824+0000] {taskinstance.py:3131} INFO - Exporting env vars: AIRFLOW_CTX_DAG_OWNER='airflow' AIRFLOW_CTX_DAG_ID='rakuten_multimodal_pipeline' AIRFLOW_CTX_TASK_ID='wait_for_gate_api' AIRFLOW_CTX_EXECUTION_DATE='2025-09-18T14:53:11.392088+00:00' AIRFLOW_CTX_TRY_NUMBER='1' AIRFLOW_CTX_DAG_RUN_ID='manual__2025-09-18T14:53:11.392088+00:00'
[2025-09-18T14:53:14.826+0000] {taskinstance.py:731} INFO - ::endgroup::
[2025-09-18T14:53:14.848+0000] {baseoperator.py:405} WARNING - HttpSensor.execute cannot be called outside TaskInstance!
[2025-09-18T14:53:14.859+0000] {http.py:137} INFO - Poking: /health
[2025-09-18T14:53:14.891+0000] {base.py:84} INFO - Retrieving connection 'gate_api'
[2025-09-18T14:53:14.960+0000] {base.py:336} INFO - Success criteria met. Exiting.
[2025-09-18T14:53:14.974+0000] {taskinstance.py:340} INFO - ::group::Post task execution logs
[2025-09-18T14:53:14.975+0000] {taskinstance.py:352} INFO - Marking task as SUCCESS. dag_id=rakuten_multimodal_pipeline, task_id=wait_for_gate_api, run_id=manual__2025-09-18T14:53:11.392088+00:00, execution_date=20250918T145311, start_date=20250918T145314, end_date=20250918T145314
[2025-09-18T14:53:15.008+0000] {local_task_job_runner.py:266} INFO - Task exited with return code 0
[2025-09-18T14:53:15.063+0000] {taskinstance.py:3900} INFO - 1 downstream tasks scheduled from follow-on schedule check
[2025-09-18T14:53:15.066+0000] {local_task_job_runner.py:245} INFO - ::endgroup::
