[2025-09-10T12:35:40.263+0000] {local_task_job_runner.py:120} INFO - ::group::Pre task execution logs
[2025-09-10T12:35:40.325+0000] {taskinstance.py:2076} INFO - Dependencies all met for dep_context=non-requeueable deps ti=<TaskInstance: train_model_dag_batch_iterative_85000.check_training_data manual__2025-09-10T12:35:35.379998+00:00 [queued]>
[2025-09-10T12:35:40.351+0000] {taskinstance.py:2076} INFO - Dependencies all met for dep_context=requeueable deps ti=<TaskInstance: train_model_dag_batch_iterative_85000.check_training_data manual__2025-09-10T12:35:35.379998+00:00 [queued]>
[2025-09-10T12:35:40.352+0000] {taskinstance.py:2306} INFO - Starting attempt 1 of 2
[2025-09-10T12:35:40.388+0000] {taskinstance.py:2330} INFO - Executing <Task(BashOperator): check_training_data> on 2025-09-10 12:35:35.379998+00:00
[2025-09-10T12:35:40.401+0000] {standard_task_runner.py:63} INFO - Started process 1420 to run task
[2025-09-10T12:35:40.410+0000] {standard_task_runner.py:90} INFO - Running: ['airflow', 'tasks', 'run', 'train_model_dag_batch_iterative_85000', 'check_training_data', 'manual__2025-09-10T12:35:35.379998+00:00', '--job-id', '464', '--raw', '--subdir', 'DAGS_FOLDER/train_dag.py', '--cfg-path', '/tmp/tmp0g58wlc9']
[2025-09-10T12:35:40.414+0000] {standard_task_runner.py:91} INFO - Job 464: Subtask check_training_data
[2025-09-10T12:35:40.538+0000] {task_command.py:426} INFO - Running <TaskInstance: train_model_dag_batch_iterative_85000.check_training_data manual__2025-09-10T12:35:35.379998+00:00 [running]> on host 957802449c84
[2025-09-10T12:35:40.788+0000] {taskinstance.py:2648} INFO - Exporting env vars: AIRFLOW_CTX_DAG_OWNER='airflow' AIRFLOW_CTX_DAG_ID='train_model_dag_batch_iterative_85000' AIRFLOW_CTX_TASK_ID='check_training_data' AIRFLOW_CTX_EXECUTION_DATE='2025-09-10T12:35:35.379998+00:00' AIRFLOW_CTX_TRY_NUMBER='1' AIRFLOW_CTX_DAG_RUN_ID='manual__2025-09-10T12:35:35.379998+00:00'
[2025-09-10T12:35:40.791+0000] {taskinstance.py:430} INFO - ::endgroup::
[2025-09-10T12:35:40.849+0000] {subprocess.py:63} INFO - Tmp dir root location: /tmp
[2025-09-10T12:35:40.853+0000] {subprocess.py:75} INFO - Running command: ['/usr/bin/bash', '-c', "echo '=== Checking training data availability ===' && ls -lh /opt/airflow/data/ && [ -f /opt/airflow/data/X_train_update.csv ] || (echo 'Missing X_train_update.csv' && exit 1) && [ -f /opt/airflow/data/Y_train_CVw08PX.csv ] || (echo 'Missing Y_train_CVw08PX.csv' && exit 1) && [ -d /opt/airflow/data/images/image_train/ ] || (echo 'Missing training images' && exit 1) && echo '✓ All training files are present'"]
[2025-09-10T12:35:40.884+0000] {subprocess.py:86} INFO - Output:
[2025-09-10T12:35:40.903+0000] {subprocess.py:93} INFO - === Checking training data availability ===
[2025-09-10T12:35:40.966+0000] {subprocess.py:93} INFO - total 622M
[2025-09-10T12:35:40.966+0000] {subprocess.py:93} INFO - -rwxrwxrwx 1 root root 8.5M Oct  9  2024 X_test_update.csv
[2025-09-10T12:35:40.967+0000] {subprocess.py:93} INFO - -rwxrwxrwx 1 root root  52M Aug 29 07:27 X_train_update.csv
[2025-09-10T12:35:40.968+0000] {subprocess.py:93} INFO - -rwxrwxrwx 1 root root 886K Oct  9  2024 Y_train_CVw08PX.csv
[2025-09-10T12:35:40.969+0000] {subprocess.py:93} INFO - drwxr-xr-x 1 root root  512 Sep  7 13:04 artifacts
[2025-09-10T12:35:40.970+0000] {subprocess.py:93} INFO - drwxr-xr-x 1 root root  512 Sep  5 23:36 feature_cache
[2025-09-10T12:35:40.971+0000] {subprocess.py:93} INFO - drwxr-xr-x 1 root root  512 Sep  7 08:35 features
[2025-09-10T12:35:40.971+0000] {subprocess.py:93} INFO - -rwxrwxrwx 1 root root 163M Apr  5 11:18 image_features.npy
[2025-09-10T12:35:40.972+0000] {subprocess.py:93} INFO - drwxrwxrwx 1 root root  512 Sep  6 18:41 images
[2025-09-10T12:35:40.974+0000] {subprocess.py:93} INFO - -rwxrwxrwx 1 root root 398M Apr  1 20:11 text_features.npy
[2025-09-10T12:35:40.975+0000] {subprocess.py:93} INFO - -rwxrwxrwx 1 root root 122K Apr  1 20:11 text_vectorizer.pkl
[2025-09-10T12:35:40.976+0000] {subprocess.py:93} INFO - ✓ All training files are present
[2025-09-10T12:35:40.978+0000] {subprocess.py:97} INFO - Command exited with return code 0
[2025-09-10T12:35:40.980+0000] {taskinstance.py:441} INFO - ::group::Post task execution logs
[2025-09-10T12:35:41.045+0000] {taskinstance.py:1206} INFO - Marking task as SUCCESS. dag_id=train_model_dag_batch_iterative_85000, task_id=check_training_data, run_id=manual__2025-09-10T12:35:35.379998+00:00, execution_date=20250910T123535, start_date=20250910T123540, end_date=20250910T123541
[2025-09-10T12:35:41.107+0000] {local_task_job_runner.py:240} INFO - Task exited with return code 0
[2025-09-10T12:35:41.218+0000] {taskinstance.py:3503} INFO - 4 downstream tasks scheduled from follow-on schedule check
[2025-09-10T12:35:41.226+0000] {local_task_job_runner.py:222} INFO - ::endgroup::
