[2025-09-15T19:59:02.255+0000] {local_task_job_runner.py:123} INFO - ::group::Pre task execution logs
[2025-09-15T19:59:02.298+0000] {taskinstance.py:2612} INFO - Dependencies all met for dep_context=non-requeueable deps ti=<TaskInstance: train_model_dag_batch_iterative_85000.wait_for_predict_api manual__2025-09-15T19:58:54.083906+00:00 [queued]>
[2025-09-15T19:59:02.316+0000] {taskinstance.py:2612} INFO - Dependencies all met for dep_context=requeueable deps ti=<TaskInstance: train_model_dag_batch_iterative_85000.wait_for_predict_api manual__2025-09-15T19:58:54.083906+00:00 [queued]>
[2025-09-15T19:59:02.318+0000] {taskinstance.py:2865} INFO - Starting attempt 1 of 2
[2025-09-15T19:59:02.366+0000] {taskinstance.py:2888} INFO - Executing <Task(HttpSensor): wait_for_predict_api> on 2025-09-15 19:58:54.083906+00:00
[2025-09-15T19:59:02.421+0000] {standard_task_runner.py:104} INFO - Running: ['airflow', 'tasks', 'run', 'train_model_dag_batch_iterative_85000', 'wait_for_predict_api', 'manual__2025-09-15T19:58:54.083906+00:00', '--job-id', '4', '--raw', '--subdir', 'DAGS_FOLDER/train_dag.py', '--cfg-path', '/tmp/tmp0vtywa3b']
[2025-09-15T19:59:02.449+0000] {standard_task_runner.py:105} INFO - Job 4: Subtask wait_for_predict_api
[2025-09-15T19:59:02.449+0000] {logging_mixin.py:190} WARNING - /home/airflow/.local/lib/python3.12/site-packages/airflow/task/task_runner/standard_task_runner.py:70 DeprecationWarning: This process (pid=773) is multi-threaded, use of fork() may lead to deadlocks in the child.
[2025-09-15T19:59:02.452+0000] {standard_task_runner.py:72} INFO - Started process 782 to run task
[2025-09-15T19:59:02.856+0000] {task_command.py:467} INFO - Running <TaskInstance: train_model_dag_batch_iterative_85000.wait_for_predict_api manual__2025-09-15T19:58:54.083906+00:00 [running]> on host 150ce9d703ec
[2025-09-15T19:59:03.404+0000] {taskinstance.py:3131} INFO - Exporting env vars: AIRFLOW_CTX_DAG_OWNER='airflow' AIRFLOW_CTX_DAG_ID='train_model_dag_batch_iterative_85000' AIRFLOW_CTX_TASK_ID='wait_for_predict_api' AIRFLOW_CTX_EXECUTION_DATE='2025-09-15T19:58:54.083906+00:00' AIRFLOW_CTX_TRY_NUMBER='1' AIRFLOW_CTX_DAG_RUN_ID='manual__2025-09-15T19:58:54.083906+00:00'
[2025-09-15T19:59:03.414+0000] {taskinstance.py:731} INFO - ::endgroup::
[2025-09-15T19:59:03.484+0000] {baseoperator.py:405} WARNING - HttpSensor.execute cannot be called outside TaskInstance!
[2025-09-15T19:59:03.520+0000] {http.py:137} INFO - Poking: /health
[2025-09-15T19:59:03.537+0000] {base.py:84} INFO - Retrieving connection 'predict_api'
[2025-09-15T19:59:03.556+0000] {base.py:336} INFO - Success criteria met. Exiting.
[2025-09-15T19:59:03.573+0000] {taskinstance.py:340} INFO - ::group::Post task execution logs
[2025-09-15T19:59:03.575+0000] {taskinstance.py:352} INFO - Marking task as SUCCESS. dag_id=train_model_dag_batch_iterative_85000, task_id=wait_for_predict_api, run_id=manual__2025-09-15T19:58:54.083906+00:00, execution_date=20250915T195854, start_date=20250915T195902, end_date=20250915T195903
[2025-09-15T19:59:03.631+0000] {local_task_job_runner.py:266} INFO - Task exited with return code 0
[2025-09-15T19:59:03.647+0000] {local_task_job_runner.py:245} INFO - ::endgroup::
