[2025-09-11T19:11:21.546+0000] {local_task_job_runner.py:120} INFO - ::group::Pre task execution logs
[2025-09-11T19:11:21.573+0000] {taskinstance.py:2076} INFO - Dependencies all met for dep_context=non-requeueable deps ti=<TaskInstance: train_model_dag_batch_iterative_85000.check_training_data manual__2025-09-11T19:11:08.166930+00:00 [queued]>
[2025-09-11T19:11:21.589+0000] {taskinstance.py:2076} INFO - Dependencies all met for dep_context=requeueable deps ti=<TaskInstance: train_model_dag_batch_iterative_85000.check_training_data manual__2025-09-11T19:11:08.166930+00:00 [queued]>
[2025-09-11T19:11:21.589+0000] {taskinstance.py:2306} INFO - Starting attempt 1 of 2
[2025-09-11T19:11:21.619+0000] {taskinstance.py:2330} INFO - Executing <Task(BashOperator): check_training_data> on 2025-09-11 19:11:08.166930+00:00
[2025-09-11T19:11:21.632+0000] {standard_task_runner.py:63} INFO - Started process 12756 to run task
[2025-09-11T19:11:21.648+0000] {standard_task_runner.py:90} INFO - Running: ['airflow', 'tasks', 'run', 'train_model_dag_batch_iterative_85000', 'check_training_data', 'manual__2025-09-11T19:11:08.166930+00:00', '--job-id', '516', '--raw', '--subdir', 'DAGS_FOLDER/train_dag.py', '--cfg-path', '/tmp/tmp9t7d39lz']
[2025-09-11T19:11:21.667+0000] {standard_task_runner.py:91} INFO - Job 516: Subtask check_training_data
[2025-09-11T19:11:22.239+0000] {task_command.py:426} INFO - Running <TaskInstance: train_model_dag_batch_iterative_85000.check_training_data manual__2025-09-11T19:11:08.166930+00:00 [running]> on host fa36f12452e5
[2025-09-11T19:11:22.722+0000] {taskinstance.py:2648} INFO - Exporting env vars: AIRFLOW_CTX_DAG_OWNER='airflow' AIRFLOW_CTX_DAG_ID='train_model_dag_batch_iterative_85000' AIRFLOW_CTX_TASK_ID='check_training_data' AIRFLOW_CTX_EXECUTION_DATE='2025-09-11T19:11:08.166930+00:00' AIRFLOW_CTX_TRY_NUMBER='1' AIRFLOW_CTX_DAG_RUN_ID='manual__2025-09-11T19:11:08.166930+00:00'
[2025-09-11T19:11:22.725+0000] {taskinstance.py:430} INFO - ::endgroup::
[2025-09-11T19:11:22.854+0000] {subprocess.py:63} INFO - Tmp dir root location: /tmp
[2025-09-11T19:11:22.857+0000] {subprocess.py:75} INFO - Running command: ['/usr/bin/bash', '-c', "echo '=== Checking training data availability ===' && ls -lh /opt/airflow/data/ && [ -f /opt/airflow/data/X_train_update.csv ] || (echo 'Missing X_train_update.csv' && exit 1) && [ -f /opt/airflow/data/Y_train_CVw08PX.csv ] || (echo 'Missing Y_train_CVw08PX.csv' && exit 1) && [ -d /opt/airflow/data/images/image_train/ ] || (echo 'Missing training images' && exit 1) && echo '✓ All training files are present'"]
[2025-09-11T19:11:22.926+0000] {subprocess.py:86} INFO - Output:
[2025-09-11T19:11:23.009+0000] {subprocess.py:93} INFO - === Checking training data availability ===
[2025-09-11T19:11:23.127+0000] {subprocess.py:93} INFO - total 622M
[2025-09-11T19:11:23.145+0000] {subprocess.py:93} INFO - -rwxrwxrwx 1 root root 8.5M Oct  9  2024 X_test_update.csv
[2025-09-11T19:11:23.150+0000] {subprocess.py:93} INFO - -rwxrwxrwx 1 root root  52M Aug 29 07:27 X_train_update.csv
[2025-09-11T19:11:23.156+0000] {subprocess.py:93} INFO - -rwxrwxrwx 1 root root 886K Oct  9  2024 Y_train_CVw08PX.csv
[2025-09-11T19:11:23.158+0000] {subprocess.py:93} INFO - drwxr-xr-x 1 root root  512 Sep  7 13:04 artifacts
[2025-09-11T19:11:23.159+0000] {subprocess.py:93} INFO - drwxr-xr-x 1 root root  512 Sep  5 23:36 feature_cache
[2025-09-11T19:11:23.161+0000] {subprocess.py:93} INFO - drwxr-xr-x 1 root root  512 Sep  7 08:35 features
[2025-09-11T19:11:23.163+0000] {subprocess.py:93} INFO - -rwxrwxrwx 1 root root 163M Sep 10 23:41 image_features.npy
[2025-09-11T19:11:23.180+0000] {subprocess.py:93} INFO - -rwxrwxrwx 1 root root  108 Sep 10 23:41 image_features.npy.dvc
[2025-09-11T19:11:23.181+0000] {subprocess.py:93} INFO - drwxrwxrwx 1 root root  512 Sep  6 18:41 images
[2025-09-11T19:11:23.183+0000] {subprocess.py:93} INFO - -rwxrwxrwx 1 root root 398M Sep 10 23:41 text_features.npy
[2025-09-11T19:11:23.184+0000] {subprocess.py:93} INFO - -rwxrwxrwx 1 root root  107 Sep 10 23:41 text_features.npy.dvc
[2025-09-11T19:11:23.202+0000] {subprocess.py:93} INFO - ✓ All training files are present
[2025-09-11T19:11:23.215+0000] {subprocess.py:97} INFO - Command exited with return code 0
[2025-09-11T19:11:23.220+0000] {taskinstance.py:441} INFO - ::group::Post task execution logs
[2025-09-11T19:11:23.476+0000] {taskinstance.py:1206} INFO - Marking task as SUCCESS. dag_id=train_model_dag_batch_iterative_85000, task_id=check_training_data, run_id=manual__2025-09-11T19:11:08.166930+00:00, execution_date=20250911T191108, start_date=20250911T191121, end_date=20250911T191123
[2025-09-11T19:11:23.627+0000] {local_task_job_runner.py:240} INFO - Task exited with return code 0
[2025-09-11T19:11:23.811+0000] {taskinstance.py:3503} INFO - 4 downstream tasks scheduled from follow-on schedule check
[2025-09-11T19:11:23.816+0000] {local_task_job_runner.py:222} INFO - ::endgroup::
