[2025-09-15T19:58:57.952+0000] {local_task_job_runner.py:123} INFO - ::group::Pre task execution logs
[2025-09-15T19:58:57.990+0000] {taskinstance.py:2612} INFO - Dependencies all met for dep_context=non-requeueable deps ti=<TaskInstance: train_model_dag_batch_iterative_85000.check_training_data manual__2025-09-15T19:58:54.083906+00:00 [queued]>
[2025-09-15T19:58:58.016+0000] {taskinstance.py:2612} INFO - Dependencies all met for dep_context=requeueable deps ti=<TaskInstance: train_model_dag_batch_iterative_85000.check_training_data manual__2025-09-15T19:58:54.083906+00:00 [queued]>
[2025-09-15T19:58:58.018+0000] {taskinstance.py:2865} INFO - Starting attempt 1 of 2
[2025-09-15T19:58:58.061+0000] {taskinstance.py:2888} INFO - Executing <Task(BashOperator): check_training_data> on 2025-09-15 19:58:54.083906+00:00
[2025-09-15T19:58:58.097+0000] {standard_task_runner.py:104} INFO - Running: ['airflow', 'tasks', 'run', 'train_model_dag_batch_iterative_85000', 'check_training_data', 'manual__2025-09-15T19:58:54.083906+00:00', '--job-id', '2', '--raw', '--subdir', 'DAGS_FOLDER/train_dag.py', '--cfg-path', '/tmp/tmptyd448l3']
[2025-09-15T19:58:58.139+0000] {standard_task_runner.py:105} INFO - Job 2: Subtask check_training_data
[2025-09-15T19:58:58.152+0000] {logging_mixin.py:190} WARNING - /home/airflow/.local/lib/python3.12/site-packages/airflow/task/task_runner/standard_task_runner.py:70 DeprecationWarning: This process (pid=765) is multi-threaded, use of fork() may lead to deadlocks in the child.
[2025-09-15T19:58:58.154+0000] {standard_task_runner.py:72} INFO - Started process 767 to run task
[2025-09-15T19:58:58.484+0000] {task_command.py:467} INFO - Running <TaskInstance: train_model_dag_batch_iterative_85000.check_training_data manual__2025-09-15T19:58:54.083906+00:00 [running]> on host 150ce9d703ec
[2025-09-15T19:58:58.807+0000] {taskinstance.py:3131} INFO - Exporting env vars: AIRFLOW_CTX_DAG_OWNER='airflow' AIRFLOW_CTX_DAG_ID='train_model_dag_batch_iterative_85000' AIRFLOW_CTX_TASK_ID='check_training_data' AIRFLOW_CTX_EXECUTION_DATE='2025-09-15T19:58:54.083906+00:00' AIRFLOW_CTX_TRY_NUMBER='1' AIRFLOW_CTX_DAG_RUN_ID='manual__2025-09-15T19:58:54.083906+00:00'
[2025-09-15T19:58:58.864+0000] {taskinstance.py:731} INFO - ::endgroup::
[2025-09-15T19:58:59.005+0000] {subprocess.py:63} INFO - Tmp dir root location: /tmp
[2025-09-15T19:58:59.009+0000] {subprocess.py:75} INFO - Running command: ['/usr/bin/bash', '-c', "echo '=== Checking training data availability ===' && ls -lh /opt/airflow/data/ && [ -f /opt/airflow/data/X_train_update.csv ] || (echo 'Missing X_train_update.csv' && exit 1) && [ -f /opt/airflow/data/Y_train_CVw08PX.csv ] || (echo 'Missing Y_train_CVw08PX.csv' && exit 1) && [ -d /opt/airflow/data/images/image_train/ ] || (echo 'Missing training images' && exit 1) && echo '✓ All training files are present'"]
[2025-09-15T19:58:59.079+0000] {subprocess.py:86} INFO - Output:
[2025-09-15T19:58:59.088+0000] {subprocess.py:93} INFO - === Checking training data availability ===
[2025-09-15T19:58:59.174+0000] {subprocess.py:93} INFO - total 622M
[2025-09-15T19:58:59.176+0000] {subprocess.py:93} INFO - -rwxrwxrwx 1 root root 8.5M Oct  9  2024 X_test_update.csv
[2025-09-15T19:58:59.178+0000] {subprocess.py:93} INFO - -rwxrwxrwx 1 root root  52M Aug 29 07:27 X_train_update.csv
[2025-09-15T19:58:59.179+0000] {subprocess.py:93} INFO - -rwxrwxrwx 1 root root 886K Oct  9  2024 Y_train_CVw08PX.csv
[2025-09-15T19:58:59.180+0000] {subprocess.py:93} INFO - drwxr-xr-x 1 root root  512 Sep  7 13:04 artifacts
[2025-09-15T19:58:59.181+0000] {subprocess.py:93} INFO - drwxr-xr-x 1 root root  512 Sep  5 23:36 feature_cache
[2025-09-15T19:58:59.182+0000] {subprocess.py:93} INFO - drwxr-xr-x 1 root root  512 Sep  7 08:35 features
[2025-09-15T19:58:59.183+0000] {subprocess.py:93} INFO - -rwxrwxrwx 1 root root 163M Sep 10 23:41 image_features.npy
[2025-09-15T19:58:59.184+0000] {subprocess.py:93} INFO - -rwxrwxrwx 1 root root  108 Sep 10 23:41 image_features.npy.dvc
[2025-09-15T19:58:59.186+0000] {subprocess.py:93} INFO - drwxrwxrwx 1 root root  512 Sep  6 18:41 images
[2025-09-15T19:58:59.188+0000] {subprocess.py:93} INFO - drwxrwxrwx 1 root root  512 Sep 15 09:20 imeage_sample
[2025-09-15T19:58:59.189+0000] {subprocess.py:93} INFO - -rwxrwxrwx 1 root root 398M Sep 10 23:41 text_features.npy
[2025-09-15T19:58:59.190+0000] {subprocess.py:93} INFO - -rwxrwxrwx 1 root root  107 Sep 10 23:41 text_features.npy.dvc
[2025-09-15T19:58:59.193+0000] {subprocess.py:93} INFO - ✓ All training files are present
[2025-09-15T19:58:59.195+0000] {subprocess.py:97} INFO - Command exited with return code 0
[2025-09-15T19:58:59.314+0000] {taskinstance.py:340} INFO - ::group::Post task execution logs
[2025-09-15T19:58:59.316+0000] {taskinstance.py:352} INFO - Marking task as SUCCESS. dag_id=train_model_dag_batch_iterative_85000, task_id=check_training_data, run_id=manual__2025-09-15T19:58:54.083906+00:00, execution_date=20250915T195854, start_date=20250915T195857, end_date=20250915T195859
[2025-09-15T19:58:59.430+0000] {local_task_job_runner.py:266} INFO - Task exited with return code 0
[2025-09-15T19:58:59.457+0000] {logging_mixin.py:190} WARNING - /home/airflow/.local/lib/python3.12/site-packages/airflow/models/baseoperator.py:1378 AirflowProviderDeprecationWarning: Call to deprecated class SimpleHttpOperator. (Class `SimpleHttpOperator` is deprecated and will be removed in a future release. Please use `HttpOperator` instead.)
[2025-09-15T19:58:59.500+0000] {taskinstance.py:3900} INFO - 4 downstream tasks scheduled from follow-on schedule check
[2025-09-15T19:58:59.504+0000] {local_task_job_runner.py:245} INFO - ::endgroup::
