[2025-09-16T07:33:49.330+0000] {local_task_job_runner.py:123} INFO - ::group::Pre task execution logs
[2025-09-16T07:33:48.854+0000] {taskinstance.py:2612} INFO - Dependencies all met for dep_context=non-requeueable deps ti=<TaskInstance: train_model_dag_batch_iterative_85000.wait_for_gate_api manual__2025-09-16T07:33:42.577054+00:00 [queued]>
[2025-09-16T07:33:48.879+0000] {taskinstance.py:2612} INFO - Dependencies all met for dep_context=requeueable deps ti=<TaskInstance: train_model_dag_batch_iterative_85000.wait_for_gate_api manual__2025-09-16T07:33:42.577054+00:00 [queued]>
[2025-09-16T07:33:48.881+0000] {taskinstance.py:2865} INFO - Starting attempt 1 of 2
[2025-09-16T07:33:48.233+0000] {taskinstance.py:2888} INFO - Executing <Task(HttpSensor): wait_for_gate_api> on 2025-09-16 07:33:42.577054+00:00
[2025-09-16T07:33:48.270+0000] {standard_task_runner.py:104} INFO - Running: ['airflow', 'tasks', 'run', 'train_model_dag_batch_iterative_85000', 'wait_for_gate_api', 'manual__2025-09-16T07:33:42.577054+00:00', '--job-id', '27', '--raw', '--subdir', 'DAGS_FOLDER/train_dag.py', '--cfg-path', '/tmp/tmp1bjen6z3']
[2025-09-16T07:33:48.297+0000] {standard_task_runner.py:105} INFO - Job 27: Subtask wait_for_gate_api
[2025-09-16T07:33:48.304+0000] {logging_mixin.py:190} WARNING - /home/airflow/.local/lib/python3.12/site-packages/airflow/task/task_runner/standard_task_runner.py:70 DeprecationWarning: This process (pid=309) is multi-threaded, use of fork() may lead to deadlocks in the child.
[2025-09-16T07:33:48.307+0000] {standard_task_runner.py:72} INFO - Started process 321 to run task
[2025-09-16T07:33:48.592+0000] {task_command.py:467} INFO - Running <TaskInstance: train_model_dag_batch_iterative_85000.wait_for_gate_api manual__2025-09-16T07:33:42.577054+00:00 [running]> on host ee2534848a2c
[2025-09-16T07:33:48.933+0000] {taskinstance.py:3131} INFO - Exporting env vars: AIRFLOW_CTX_DAG_OWNER='airflow' AIRFLOW_CTX_DAG_ID='train_model_dag_batch_iterative_85000' AIRFLOW_CTX_TASK_ID='wait_for_gate_api' AIRFLOW_CTX_EXECUTION_DATE='2025-09-16T07:33:42.577054+00:00' AIRFLOW_CTX_TRY_NUMBER='1' AIRFLOW_CTX_DAG_RUN_ID='manual__2025-09-16T07:33:42.577054+00:00'
[2025-09-16T07:33:48.937+0000] {taskinstance.py:731} INFO - ::endgroup::
[2025-09-16T07:33:48.987+0000] {baseoperator.py:405} WARNING - HttpSensor.execute cannot be called outside TaskInstance!
[2025-09-16T07:33:49.017+0000] {http.py:137} INFO - Poking: /health
[2025-09-16T07:33:49.024+0000] {base.py:84} INFO - Retrieving connection 'gate_api'
[2025-09-16T07:33:49.045+0000] {base.py:336} INFO - Success criteria met. Exiting.
[2025-09-16T07:33:49.069+0000] {taskinstance.py:340} INFO - ::group::Post task execution logs
[2025-09-16T07:33:49.071+0000] {taskinstance.py:352} INFO - Marking task as SUCCESS. dag_id=train_model_dag_batch_iterative_85000, task_id=wait_for_gate_api, run_id=manual__2025-09-16T07:33:42.577054+00:00, execution_date=20250916T073342, start_date=20250916T073348, end_date=20250916T073349
[2025-09-16T07:33:49.138+0000] {local_task_job_runner.py:266} INFO - Task exited with return code 0
[2025-09-16T07:33:49.162+0000] {local_task_job_runner.py:245} INFO - ::endgroup::
