[2025-09-16T08:45:59.433+0000] {local_task_job_runner.py:123} INFO - ::group::Pre task execution logs
[2025-09-16T08:45:59.536+0000] {taskinstance.py:2612} INFO - Dependencies all met for dep_context=non-requeueable deps ti=<TaskInstance: train_model_dag_batch_iterative_85000.wait_for_train_api manual__2025-09-16T08:45:45.739876+00:00 [queued]>
[2025-09-16T08:45:59.592+0000] {taskinstance.py:2612} INFO - Dependencies all met for dep_context=requeueable deps ti=<TaskInstance: train_model_dag_batch_iterative_85000.wait_for_train_api manual__2025-09-16T08:45:45.739876+00:00 [queued]>
[2025-09-16T08:45:59.593+0000] {taskinstance.py:2865} INFO - Starting attempt 1 of 2
[2025-09-16T08:45:59.695+0000] {taskinstance.py:2888} INFO - Executing <Task(HttpSensor): wait_for_train_api> on 2025-09-16 08:45:45.739876+00:00
[2025-09-16T08:45:59.801+0000] {standard_task_runner.py:104} INFO - Running: ['airflow', 'tasks', 'run', 'train_model_dag_batch_iterative_85000', 'wait_for_train_api', 'manual__2025-09-16T08:45:45.739876+00:00', '--job-id', '46', '--raw', '--subdir', 'DAGS_FOLDER/train_dag.py', '--cfg-path', '/tmp/tmpyq_8k5wv']
[2025-09-16T08:45:59.817+0000] {logging_mixin.py:190} WARNING - /home/airflow/.local/lib/python3.12/site-packages/airflow/task/task_runner/standard_task_runner.py:70 DeprecationWarning: This process (pid=308) is multi-threaded, use of fork() may lead to deadlocks in the child.
[2025-09-16T08:45:59.834+0000] {standard_task_runner.py:105} INFO - Job 46: Subtask wait_for_train_api
[2025-09-16T08:45:59.835+0000] {standard_task_runner.py:72} INFO - Started process 324 to run task
[2025-09-16T08:46:00.261+0000] {task_command.py:467} INFO - Running <TaskInstance: train_model_dag_batch_iterative_85000.wait_for_train_api manual__2025-09-16T08:45:45.739876+00:00 [running]> on host 4ac3bd8195c0
[2025-09-16T08:46:00.905+0000] {taskinstance.py:3131} INFO - Exporting env vars: AIRFLOW_CTX_DAG_OWNER='airflow' AIRFLOW_CTX_DAG_ID='train_model_dag_batch_iterative_85000' AIRFLOW_CTX_TASK_ID='wait_for_train_api' AIRFLOW_CTX_EXECUTION_DATE='2025-09-16T08:45:45.739876+00:00' AIRFLOW_CTX_TRY_NUMBER='1' AIRFLOW_CTX_DAG_RUN_ID='manual__2025-09-16T08:45:45.739876+00:00'
[2025-09-16T08:46:00.908+0000] {taskinstance.py:731} INFO - ::endgroup::
[2025-09-16T08:46:00.957+0000] {baseoperator.py:405} WARNING - HttpSensor.execute cannot be called outside TaskInstance!
[2025-09-16T08:46:01.011+0000] {http.py:137} INFO - Poking: /health
[2025-09-16T08:46:01.015+0000] {base.py:84} INFO - Retrieving connection 'train_api'
[2025-09-16T08:46:01.037+0000] {base.py:336} INFO - Success criteria met. Exiting.
[2025-09-16T08:46:01.067+0000] {taskinstance.py:340} INFO - ::group::Post task execution logs
[2025-09-16T08:46:01.068+0000] {taskinstance.py:352} INFO - Marking task as SUCCESS. dag_id=train_model_dag_batch_iterative_85000, task_id=wait_for_train_api, run_id=manual__2025-09-16T08:45:45.739876+00:00, execution_date=20250916T084545, start_date=20250916T084559, end_date=20250916T084601
[2025-09-16T08:46:01.180+0000] {local_task_job_runner.py:266} INFO - Task exited with return code 0
[2025-09-16T08:46:01.208+0000] {logging_mixin.py:190} WARNING - /home/airflow/.local/lib/python3.12/site-packages/airflow/models/baseoperator.py:1378 AirflowProviderDeprecationWarning: Call to deprecated class SimpleHttpOperator. (Class `SimpleHttpOperator` is deprecated and will be removed in a future release. Please use `HttpOperator` instead.)
[2025-09-16T08:46:01.282+0000] {taskinstance.py:3900} INFO - 1 downstream tasks scheduled from follow-on schedule check
[2025-09-16T08:46:01.287+0000] {local_task_job_runner.py:245} INFO - ::endgroup::
