[2025-09-15T12:36:09.510+0000] {local_task_job_runner.py:123} INFO - ::group::Pre task execution logs
[2025-09-15T12:36:09.572+0000] {taskinstance.py:2612} INFO - Dependencies all met for dep_context=non-requeueable deps ti=<TaskInstance: train_model_dag_batch_iterative_85000.wait_for_gate_api manual__2025-09-15T12:36:04.007883+00:00 [queued]>
[2025-09-15T12:36:09.615+0000] {taskinstance.py:2612} INFO - Dependencies all met for dep_context=requeueable deps ti=<TaskInstance: train_model_dag_batch_iterative_85000.wait_for_gate_api manual__2025-09-15T12:36:04.007883+00:00 [queued]>
[2025-09-15T12:36:09.619+0000] {taskinstance.py:2865} INFO - Starting attempt 1 of 2
[2025-09-15T12:36:09.660+0000] {taskinstance.py:2888} INFO - Executing <Task(HttpSensor): wait_for_gate_api> on 2025-09-15 12:36:04.007883+00:00
[2025-09-15T12:36:09.689+0000] {standard_task_runner.py:104} INFO - Running: ['airflow', 'tasks', 'run', 'train_model_dag_batch_iterative_85000', 'wait_for_gate_api', 'manual__2025-09-15T12:36:04.007883+00:00', '--job-id', '41', '--raw', '--subdir', 'DAGS_FOLDER/train_dag.py', '--cfg-path', '/tmp/tmpl8jfx9ry']
[2025-09-15T12:36:09.690+0000] {logging_mixin.py:190} WARNING - /home/airflow/.local/lib/python3.12/site-packages/airflow/task/task_runner/standard_task_runner.py:70 DeprecationWarning: This process (pid=388) is multi-threaded, use of fork() may lead to deadlocks in the child.
[2025-09-15T12:36:09.697+0000] {standard_task_runner.py:105} INFO - Job 41: Subtask wait_for_gate_api
[2025-09-15T12:36:09.698+0000] {standard_task_runner.py:72} INFO - Started process 395 to run task
[2025-09-15T12:36:09.941+0000] {task_command.py:467} INFO - Running <TaskInstance: train_model_dag_batch_iterative_85000.wait_for_gate_api manual__2025-09-15T12:36:04.007883+00:00 [running]> on host c34d0ef88347
[2025-09-15T12:36:10.407+0000] {taskinstance.py:3131} INFO - Exporting env vars: AIRFLOW_CTX_DAG_OWNER='airflow' AIRFLOW_CTX_DAG_ID='train_model_dag_batch_iterative_85000' AIRFLOW_CTX_TASK_ID='wait_for_gate_api' AIRFLOW_CTX_EXECUTION_DATE='2025-09-15T12:36:04.007883+00:00' AIRFLOW_CTX_TRY_NUMBER='1' AIRFLOW_CTX_DAG_RUN_ID='manual__2025-09-15T12:36:04.007883+00:00'
[2025-09-15T12:36:10.411+0000] {taskinstance.py:731} INFO - ::endgroup::
[2025-09-15T12:36:10.465+0000] {baseoperator.py:405} WARNING - HttpSensor.execute cannot be called outside TaskInstance!
[2025-09-15T12:36:10.541+0000] {http.py:137} INFO - Poking: /health
[2025-09-15T12:36:10.558+0000] {base.py:84} INFO - Retrieving connection 'gate_api'
[2025-09-15T12:36:10.636+0000] {base.py:336} INFO - Success criteria met. Exiting.
[2025-09-15T12:36:10.670+0000] {taskinstance.py:340} INFO - ::group::Post task execution logs
[2025-09-15T12:36:10.674+0000] {taskinstance.py:352} INFO - Marking task as SUCCESS. dag_id=train_model_dag_batch_iterative_85000, task_id=wait_for_gate_api, run_id=manual__2025-09-15T12:36:04.007883+00:00, execution_date=20250915T123604, start_date=20250915T123609, end_date=20250915T123610
[2025-09-15T12:36:10.766+0000] {local_task_job_runner.py:266} INFO - Task exited with return code 0
[2025-09-15T12:36:10.810+0000] {logging_mixin.py:190} WARNING - /home/airflow/.local/lib/python3.12/site-packages/airflow/models/baseoperator.py:1378 AirflowProviderDeprecationWarning: Call to deprecated class SimpleHttpOperator. (Class `SimpleHttpOperator` is deprecated and will be removed in a future release. Please use `HttpOperator` instead.)
[2025-09-15T12:36:10.898+0000] {taskinstance.py:3900} INFO - 0 downstream tasks scheduled from follow-on schedule check
[2025-09-15T12:36:10.908+0000] {local_task_job_runner.py:245} INFO - ::endgroup::
