[2025-09-14T18:08:25.202+0000] {local_task_job_runner.py:123} INFO - ::group::Pre task execution logs
[2025-09-14T18:08:25.251+0000] {taskinstance.py:2612} INFO - Dependencies all met for dep_context=non-requeueable deps ti=<TaskInstance: train_model_dag_batch_iterative_85000.wait_for_preprocess_api manual__2025-09-14T18:08:16.766393+00:00 [queued]>
[2025-09-14T18:08:25.273+0000] {taskinstance.py:2612} INFO - Dependencies all met for dep_context=requeueable deps ti=<TaskInstance: train_model_dag_batch_iterative_85000.wait_for_preprocess_api manual__2025-09-14T18:08:16.766393+00:00 [queued]>
[2025-09-14T18:08:25.274+0000] {taskinstance.py:2865} INFO - Starting attempt 1 of 2
[2025-09-14T18:08:25.304+0000] {taskinstance.py:2888} INFO - Executing <Task(HttpSensor): wait_for_preprocess_api> on 2025-09-14 18:08:16.766393+00:00
[2025-09-14T18:08:25.412+0000] {standard_task_runner.py:104} INFO - Running: ['airflow', 'tasks', 'run', 'train_model_dag_batch_iterative_85000', 'wait_for_preprocess_api', 'manual__2025-09-14T18:08:16.766393+00:00', '--job-id', '10', '--raw', '--subdir', 'DAGS_FOLDER/train_dag.py', '--cfg-path', '/tmp/tmphg_ddr4z']
[2025-09-14T18:08:25.458+0000] {standard_task_runner.py:105} INFO - Job 10: Subtask wait_for_preprocess_api
[2025-09-14T18:08:25.442+0000] {logging_mixin.py:190} WARNING - /home/airflow/.local/lib/python3.12/site-packages/airflow/task/task_runner/standard_task_runner.py:70 DeprecationWarning: This process (pid=3813) is multi-threaded, use of fork() may lead to deadlocks in the child.
[2025-09-14T18:08:25.461+0000] {standard_task_runner.py:72} INFO - Started process 3826 to run task
[2025-09-14T18:08:25.823+0000] {task_command.py:467} INFO - Running <TaskInstance: train_model_dag_batch_iterative_85000.wait_for_preprocess_api manual__2025-09-14T18:08:16.766393+00:00 [running]> on host 28a36d2554cb
[2025-09-14T18:08:26.238+0000] {taskinstance.py:3131} INFO - Exporting env vars: AIRFLOW_CTX_DAG_OWNER='airflow' AIRFLOW_CTX_DAG_ID='train_model_dag_batch_iterative_85000' AIRFLOW_CTX_TASK_ID='wait_for_preprocess_api' AIRFLOW_CTX_EXECUTION_DATE='2025-09-14T18:08:16.766393+00:00' AIRFLOW_CTX_TRY_NUMBER='1' AIRFLOW_CTX_DAG_RUN_ID='manual__2025-09-14T18:08:16.766393+00:00'
[2025-09-14T18:08:26.244+0000] {taskinstance.py:731} INFO - ::endgroup::
[2025-09-14T18:08:26.348+0000] {baseoperator.py:405} WARNING - HttpSensor.execute cannot be called outside TaskInstance!
[2025-09-14T18:08:26.399+0000] {http.py:137} INFO - Poking: /health
[2025-09-14T18:08:26.408+0000] {base.py:84} INFO - Retrieving connection 'preprocess_api'
[2025-09-14T18:08:26.446+0000] {base.py:336} INFO - Success criteria met. Exiting.
[2025-09-14T18:08:26.489+0000] {taskinstance.py:340} INFO - ::group::Post task execution logs
[2025-09-14T18:08:26.490+0000] {taskinstance.py:352} INFO - Marking task as SUCCESS. dag_id=train_model_dag_batch_iterative_85000, task_id=wait_for_preprocess_api, run_id=manual__2025-09-14T18:08:16.766393+00:00, execution_date=20250914T180816, start_date=20250914T180825, end_date=20250914T180826
[2025-09-14T18:08:26.547+0000] {local_task_job_runner.py:266} INFO - Task exited with return code 0
[2025-09-14T18:08:26.577+0000] {logging_mixin.py:190} WARNING - /home/airflow/.local/lib/python3.12/site-packages/airflow/models/baseoperator.py:1378 AirflowProviderDeprecationWarning: Call to deprecated class SimpleHttpOperator. (Class `SimpleHttpOperator` is deprecated and will be removed in a future release. Please use `HttpOperator` instead.)
[2025-09-14T18:08:26.622+0000] {taskinstance.py:3900} INFO - 0 downstream tasks scheduled from follow-on schedule check
[2025-09-14T18:08:26.630+0000] {local_task_job_runner.py:245} INFO - ::endgroup::
