[2025-09-10T12:35:44.317+0000] {local_task_job_runner.py:120} INFO - ::group::Pre task execution logs
[2025-09-10T12:35:44.377+0000] {taskinstance.py:2076} INFO - Dependencies all met for dep_context=non-requeueable deps ti=<TaskInstance: train_model_dag_batch_iterative_85000.wait_for_train_api manual__2025-09-10T12:35:35.379998+00:00 [queued]>
[2025-09-10T12:35:44.402+0000] {taskinstance.py:2076} INFO - Dependencies all met for dep_context=requeueable deps ti=<TaskInstance: train_model_dag_batch_iterative_85000.wait_for_train_api manual__2025-09-10T12:35:35.379998+00:00 [queued]>
[2025-09-10T12:35:44.404+0000] {taskinstance.py:2306} INFO - Starting attempt 1 of 2
[2025-09-10T12:35:44.442+0000] {taskinstance.py:2330} INFO - Executing <Task(HttpSensor): wait_for_train_api> on 2025-09-10 12:35:35.379998+00:00
[2025-09-10T12:35:44.458+0000] {standard_task_runner.py:63} INFO - Started process 1440 to run task
[2025-09-10T12:35:44.468+0000] {standard_task_runner.py:90} INFO - Running: ['airflow', 'tasks', 'run', 'train_model_dag_batch_iterative_85000', 'wait_for_train_api', 'manual__2025-09-10T12:35:35.379998+00:00', '--job-id', '467', '--raw', '--subdir', 'DAGS_FOLDER/train_dag.py', '--cfg-path', '/tmp/tmpwvdxcw52']
[2025-09-10T12:35:44.473+0000] {standard_task_runner.py:91} INFO - Job 467: Subtask wait_for_train_api
[2025-09-10T12:35:44.594+0000] {task_command.py:426} INFO - Running <TaskInstance: train_model_dag_batch_iterative_85000.wait_for_train_api manual__2025-09-10T12:35:35.379998+00:00 [running]> on host 957802449c84
[2025-09-10T12:35:44.960+0000] {taskinstance.py:2648} INFO - Exporting env vars: AIRFLOW_CTX_DAG_OWNER='airflow' AIRFLOW_CTX_DAG_ID='train_model_dag_batch_iterative_85000' AIRFLOW_CTX_TASK_ID='wait_for_train_api' AIRFLOW_CTX_EXECUTION_DATE='2025-09-10T12:35:35.379998+00:00' AIRFLOW_CTX_TRY_NUMBER='1' AIRFLOW_CTX_DAG_RUN_ID='manual__2025-09-10T12:35:35.379998+00:00'
[2025-09-10T12:35:44.962+0000] {taskinstance.py:430} INFO - ::endgroup::
[2025-09-10T12:35:45.012+0000] {http.py:130} INFO - Poking: /health
[2025-09-10T12:35:45.016+0000] {base.py:84} INFO - Using connection ID 'train_api' for task execution.
[2025-09-10T12:35:45.030+0000] {http.py:178} ERROR - HTTP error: Not Found
[2025-09-10T12:35:45.031+0000] {http.py:179} ERROR - {"detail":"Not Found"}
[2025-09-10T12:35:45.033+0000] {taskinstance.py:441} INFO - ::group::Post task execution logs
[2025-09-10T12:35:45.196+0000] {taskinstance.py:2865} INFO - Rescheduling task, marking task as UP_FOR_RESCHEDULE
[2025-09-10T12:35:45.258+0000] {local_task_job_runner.py:240} INFO - Task exited with return code 0
[2025-09-10T12:35:45.298+0000] {local_task_job_runner.py:222} INFO - ::endgroup::
[2025-09-10T12:36:02.235+0000] {local_task_job_runner.py:120} INFO - ::group::Pre task execution logs
[2025-09-10T12:36:02.274+0000] {taskinstance.py:2076} INFO - Dependencies all met for dep_context=non-requeueable deps ti=<TaskInstance: train_model_dag_batch_iterative_85000.wait_for_train_api manual__2025-09-10T12:35:35.379998+00:00 [queued]>
[2025-09-10T12:36:02.295+0000] {taskinstance.py:2076} INFO - Dependencies all met for dep_context=requeueable deps ti=<TaskInstance: train_model_dag_batch_iterative_85000.wait_for_train_api manual__2025-09-10T12:35:35.379998+00:00 [queued]>
[2025-09-10T12:36:02.296+0000] {taskinstance.py:2306} INFO - Starting attempt 1 of 2
[2025-09-10T12:36:02.328+0000] {taskinstance.py:2330} INFO - Executing <Task(HttpSensor): wait_for_train_api> on 2025-09-10 12:35:35.379998+00:00
[2025-09-10T12:36:02.342+0000] {standard_task_runner.py:63} INFO - Started process 1455 to run task
[2025-09-10T12:36:02.348+0000] {standard_task_runner.py:90} INFO - Running: ['airflow', 'tasks', 'run', 'train_model_dag_batch_iterative_85000', 'wait_for_train_api', 'manual__2025-09-10T12:35:35.379998+00:00', '--job-id', '469', '--raw', '--subdir', 'DAGS_FOLDER/train_dag.py', '--cfg-path', '/tmp/tmp4nqmsvvd']
[2025-09-10T12:36:02.352+0000] {standard_task_runner.py:91} INFO - Job 469: Subtask wait_for_train_api
[2025-09-10T12:36:02.464+0000] {task_command.py:426} INFO - Running <TaskInstance: train_model_dag_batch_iterative_85000.wait_for_train_api manual__2025-09-10T12:35:35.379998+00:00 [running]> on host 957802449c84
[2025-09-10T12:36:02.733+0000] {taskinstance.py:2648} INFO - Exporting env vars: AIRFLOW_CTX_DAG_OWNER='airflow' AIRFLOW_CTX_DAG_ID='train_model_dag_batch_iterative_85000' AIRFLOW_CTX_TASK_ID='wait_for_train_api' AIRFLOW_CTX_EXECUTION_DATE='2025-09-10T12:35:35.379998+00:00' AIRFLOW_CTX_TRY_NUMBER='1' AIRFLOW_CTX_DAG_RUN_ID='manual__2025-09-10T12:35:35.379998+00:00'
[2025-09-10T12:36:02.736+0000] {taskinstance.py:430} INFO - ::endgroup::
[2025-09-10T12:36:02.777+0000] {http.py:130} INFO - Poking: /health
[2025-09-10T12:36:02.782+0000] {base.py:84} INFO - Using connection ID 'train_api' for task execution.
[2025-09-10T12:36:02.794+0000] {http.py:178} ERROR - HTTP error: Not Found
[2025-09-10T12:36:02.795+0000] {http.py:179} ERROR - {"detail":"Not Found"}
[2025-09-10T12:36:02.797+0000] {taskinstance.py:441} INFO - ::group::Post task execution logs
[2025-09-10T12:36:02.839+0000] {taskinstance.py:2865} INFO - Rescheduling task, marking task as UP_FOR_RESCHEDULE
[2025-09-10T12:36:02.888+0000] {local_task_job_runner.py:240} INFO - Task exited with return code 0
[2025-09-10T12:36:02.968+0000] {taskinstance.py:3503} INFO - 0 downstream tasks scheduled from follow-on schedule check
[2025-09-10T12:36:02.975+0000] {local_task_job_runner.py:222} INFO - ::endgroup::
[2025-09-10T12:36:20.850+0000] {local_task_job_runner.py:120} INFO - ::group::Pre task execution logs
[2025-09-10T12:36:20.895+0000] {taskinstance.py:2076} INFO - Dependencies all met for dep_context=non-requeueable deps ti=<TaskInstance: train_model_dag_batch_iterative_85000.wait_for_train_api manual__2025-09-10T12:35:35.379998+00:00 [queued]>
[2025-09-10T12:36:20.919+0000] {taskinstance.py:2076} INFO - Dependencies all met for dep_context=requeueable deps ti=<TaskInstance: train_model_dag_batch_iterative_85000.wait_for_train_api manual__2025-09-10T12:35:35.379998+00:00 [queued]>
[2025-09-10T12:36:20.920+0000] {taskinstance.py:2306} INFO - Starting attempt 1 of 2
[2025-09-10T12:36:20.953+0000] {taskinstance.py:2330} INFO - Executing <Task(HttpSensor): wait_for_train_api> on 2025-09-10 12:35:35.379998+00:00
[2025-09-10T12:36:20.968+0000] {standard_task_runner.py:63} INFO - Started process 1469 to run task
[2025-09-10T12:36:20.976+0000] {standard_task_runner.py:90} INFO - Running: ['airflow', 'tasks', 'run', 'train_model_dag_batch_iterative_85000', 'wait_for_train_api', 'manual__2025-09-10T12:35:35.379998+00:00', '--job-id', '470', '--raw', '--subdir', 'DAGS_FOLDER/train_dag.py', '--cfg-path', '/tmp/tmp2xmhuvbv']
[2025-09-10T12:36:20.982+0000] {standard_task_runner.py:91} INFO - Job 470: Subtask wait_for_train_api
[2025-09-10T12:36:21.158+0000] {task_command.py:426} INFO - Running <TaskInstance: train_model_dag_batch_iterative_85000.wait_for_train_api manual__2025-09-10T12:35:35.379998+00:00 [running]> on host 957802449c84
[2025-09-10T12:36:21.467+0000] {taskinstance.py:2648} INFO - Exporting env vars: AIRFLOW_CTX_DAG_OWNER='airflow' AIRFLOW_CTX_DAG_ID='train_model_dag_batch_iterative_85000' AIRFLOW_CTX_TASK_ID='wait_for_train_api' AIRFLOW_CTX_EXECUTION_DATE='2025-09-10T12:35:35.379998+00:00' AIRFLOW_CTX_TRY_NUMBER='1' AIRFLOW_CTX_DAG_RUN_ID='manual__2025-09-10T12:35:35.379998+00:00'
[2025-09-10T12:36:21.469+0000] {taskinstance.py:430} INFO - ::endgroup::
[2025-09-10T12:36:21.520+0000] {http.py:130} INFO - Poking: /health
[2025-09-10T12:36:21.526+0000] {base.py:84} INFO - Using connection ID 'train_api' for task execution.
[2025-09-10T12:36:21.542+0000] {http.py:178} ERROR - HTTP error: Not Found
[2025-09-10T12:36:21.543+0000] {http.py:179} ERROR - {"detail":"Not Found"}
[2025-09-10T12:36:21.545+0000] {taskinstance.py:441} INFO - ::group::Post task execution logs
[2025-09-10T12:36:21.586+0000] {taskinstance.py:2865} INFO - Rescheduling task, marking task as UP_FOR_RESCHEDULE
[2025-09-10T12:36:21.607+0000] {local_task_job_runner.py:240} INFO - Task exited with return code 0
[2025-09-10T12:36:21.720+0000] {taskinstance.py:3503} INFO - 0 downstream tasks scheduled from follow-on schedule check
[2025-09-10T12:36:21.726+0000] {local_task_job_runner.py:222} INFO - ::endgroup::
[2025-09-10T12:36:38.705+0000] {local_task_job_runner.py:120} INFO - ::group::Pre task execution logs
[2025-09-10T12:36:38.765+0000] {taskinstance.py:2076} INFO - Dependencies all met for dep_context=non-requeueable deps ti=<TaskInstance: train_model_dag_batch_iterative_85000.wait_for_train_api manual__2025-09-10T12:35:35.379998+00:00 [queued]>
[2025-09-10T12:36:38.807+0000] {taskinstance.py:2076} INFO - Dependencies all met for dep_context=requeueable deps ti=<TaskInstance: train_model_dag_batch_iterative_85000.wait_for_train_api manual__2025-09-10T12:35:35.379998+00:00 [queued]>
[2025-09-10T12:36:38.808+0000] {taskinstance.py:2306} INFO - Starting attempt 1 of 2
[2025-09-10T12:36:38.873+0000] {taskinstance.py:2330} INFO - Executing <Task(HttpSensor): wait_for_train_api> on 2025-09-10 12:35:35.379998+00:00
[2025-09-10T12:36:38.887+0000] {standard_task_runner.py:63} INFO - Started process 1479 to run task
[2025-09-10T12:36:38.897+0000] {standard_task_runner.py:90} INFO - Running: ['airflow', 'tasks', 'run', 'train_model_dag_batch_iterative_85000', 'wait_for_train_api', 'manual__2025-09-10T12:35:35.379998+00:00', '--job-id', '471', '--raw', '--subdir', 'DAGS_FOLDER/train_dag.py', '--cfg-path', '/tmp/tmp0yqilz7q']
[2025-09-10T12:36:38.903+0000] {standard_task_runner.py:91} INFO - Job 471: Subtask wait_for_train_api
[2025-09-10T12:36:39.043+0000] {task_command.py:426} INFO - Running <TaskInstance: train_model_dag_batch_iterative_85000.wait_for_train_api manual__2025-09-10T12:35:35.379998+00:00 [running]> on host 957802449c84
[2025-09-10T12:36:39.308+0000] {taskinstance.py:2648} INFO - Exporting env vars: AIRFLOW_CTX_DAG_OWNER='airflow' AIRFLOW_CTX_DAG_ID='train_model_dag_batch_iterative_85000' AIRFLOW_CTX_TASK_ID='wait_for_train_api' AIRFLOW_CTX_EXECUTION_DATE='2025-09-10T12:35:35.379998+00:00' AIRFLOW_CTX_TRY_NUMBER='1' AIRFLOW_CTX_DAG_RUN_ID='manual__2025-09-10T12:35:35.379998+00:00'
[2025-09-10T12:36:39.310+0000] {taskinstance.py:430} INFO - ::endgroup::
[2025-09-10T12:36:39.371+0000] {http.py:130} INFO - Poking: /health
[2025-09-10T12:36:39.378+0000] {base.py:84} INFO - Using connection ID 'train_api' for task execution.
[2025-09-10T12:36:39.391+0000] {http.py:178} ERROR - HTTP error: Not Found
[2025-09-10T12:36:39.392+0000] {http.py:179} ERROR - {"detail":"Not Found"}
[2025-09-10T12:36:39.394+0000] {taskinstance.py:441} INFO - ::group::Post task execution logs
[2025-09-10T12:36:39.435+0000] {taskinstance.py:2865} INFO - Rescheduling task, marking task as UP_FOR_RESCHEDULE
[2025-09-10T12:36:39.473+0000] {local_task_job_runner.py:240} INFO - Task exited with return code 0
[2025-09-10T12:36:39.554+0000] {taskinstance.py:3503} INFO - 0 downstream tasks scheduled from follow-on schedule check
[2025-09-10T12:36:39.559+0000] {local_task_job_runner.py:222} INFO - ::endgroup::
[2025-09-10T12:36:56.589+0000] {local_task_job_runner.py:120} INFO - ::group::Pre task execution logs
[2025-09-10T12:36:56.616+0000] {taskinstance.py:2076} INFO - Dependencies all met for dep_context=non-requeueable deps ti=<TaskInstance: train_model_dag_batch_iterative_85000.wait_for_train_api manual__2025-09-10T12:35:35.379998+00:00 [queued]>
[2025-09-10T12:36:56.632+0000] {taskinstance.py:2076} INFO - Dependencies all met for dep_context=requeueable deps ti=<TaskInstance: train_model_dag_batch_iterative_85000.wait_for_train_api manual__2025-09-10T12:35:35.379998+00:00 [queued]>
[2025-09-10T12:36:56.633+0000] {taskinstance.py:2306} INFO - Starting attempt 1 of 2
[2025-09-10T12:36:56.660+0000] {taskinstance.py:2330} INFO - Executing <Task(HttpSensor): wait_for_train_api> on 2025-09-10 12:35:35.379998+00:00
[2025-09-10T12:36:56.669+0000] {standard_task_runner.py:63} INFO - Started process 1500 to run task
[2025-09-10T12:36:56.677+0000] {standard_task_runner.py:90} INFO - Running: ['airflow', 'tasks', 'run', 'train_model_dag_batch_iterative_85000', 'wait_for_train_api', 'manual__2025-09-10T12:35:35.379998+00:00', '--job-id', '472', '--raw', '--subdir', 'DAGS_FOLDER/train_dag.py', '--cfg-path', '/tmp/tmpyp9mps0s']
[2025-09-10T12:36:56.681+0000] {standard_task_runner.py:91} INFO - Job 472: Subtask wait_for_train_api
[2025-09-10T12:36:56.771+0000] {task_command.py:426} INFO - Running <TaskInstance: train_model_dag_batch_iterative_85000.wait_for_train_api manual__2025-09-10T12:35:35.379998+00:00 [running]> on host 957802449c84
[2025-09-10T12:36:57.022+0000] {taskinstance.py:2648} INFO - Exporting env vars: AIRFLOW_CTX_DAG_OWNER='airflow' AIRFLOW_CTX_DAG_ID='train_model_dag_batch_iterative_85000' AIRFLOW_CTX_TASK_ID='wait_for_train_api' AIRFLOW_CTX_EXECUTION_DATE='2025-09-10T12:35:35.379998+00:00' AIRFLOW_CTX_TRY_NUMBER='1' AIRFLOW_CTX_DAG_RUN_ID='manual__2025-09-10T12:35:35.379998+00:00'
[2025-09-10T12:36:57.027+0000] {taskinstance.py:430} INFO - ::endgroup::
[2025-09-10T12:36:57.083+0000] {http.py:130} INFO - Poking: /health
[2025-09-10T12:36:57.088+0000] {base.py:84} INFO - Using connection ID 'train_api' for task execution.
[2025-09-10T12:36:57.104+0000] {http.py:178} ERROR - HTTP error: Not Found
[2025-09-10T12:36:57.107+0000] {http.py:179} ERROR - {"detail":"Not Found"}
[2025-09-10T12:36:57.110+0000] {taskinstance.py:441} INFO - ::group::Post task execution logs
[2025-09-10T12:36:57.161+0000] {taskinstance.py:2865} INFO - Rescheduling task, marking task as UP_FOR_RESCHEDULE
[2025-09-10T12:36:57.214+0000] {local_task_job_runner.py:240} INFO - Task exited with return code 0
[2025-09-10T12:36:57.348+0000] {taskinstance.py:3503} INFO - 0 downstream tasks scheduled from follow-on schedule check
[2025-09-10T12:36:57.355+0000] {local_task_job_runner.py:222} INFO - ::endgroup::
[2025-09-10T12:37:13.720+0000] {local_task_job_runner.py:120} INFO - ::group::Pre task execution logs
[2025-09-10T12:37:13.760+0000] {taskinstance.py:2076} INFO - Dependencies all met for dep_context=non-requeueable deps ti=<TaskInstance: train_model_dag_batch_iterative_85000.wait_for_train_api manual__2025-09-10T12:35:35.379998+00:00 [queued]>
[2025-09-10T12:37:13.784+0000] {taskinstance.py:2076} INFO - Dependencies all met for dep_context=requeueable deps ti=<TaskInstance: train_model_dag_batch_iterative_85000.wait_for_train_api manual__2025-09-10T12:35:35.379998+00:00 [queued]>
[2025-09-10T12:37:13.786+0000] {taskinstance.py:2306} INFO - Starting attempt 1 of 2
[2025-09-10T12:37:13.830+0000] {taskinstance.py:2330} INFO - Executing <Task(HttpSensor): wait_for_train_api> on 2025-09-10 12:35:35.379998+00:00
[2025-09-10T12:37:13.847+0000] {standard_task_runner.py:63} INFO - Started process 1503 to run task
[2025-09-10T12:37:13.855+0000] {standard_task_runner.py:90} INFO - Running: ['airflow', 'tasks', 'run', 'train_model_dag_batch_iterative_85000', 'wait_for_train_api', 'manual__2025-09-10T12:35:35.379998+00:00', '--job-id', '473', '--raw', '--subdir', 'DAGS_FOLDER/train_dag.py', '--cfg-path', '/tmp/tmpu9ouy3yx']
[2025-09-10T12:37:13.869+0000] {standard_task_runner.py:91} INFO - Job 473: Subtask wait_for_train_api
[2025-09-10T12:37:14.016+0000] {task_command.py:426} INFO - Running <TaskInstance: train_model_dag_batch_iterative_85000.wait_for_train_api manual__2025-09-10T12:35:35.379998+00:00 [running]> on host 957802449c84
[2025-09-10T12:37:14.268+0000] {taskinstance.py:2648} INFO - Exporting env vars: AIRFLOW_CTX_DAG_OWNER='airflow' AIRFLOW_CTX_DAG_ID='train_model_dag_batch_iterative_85000' AIRFLOW_CTX_TASK_ID='wait_for_train_api' AIRFLOW_CTX_EXECUTION_DATE='2025-09-10T12:35:35.379998+00:00' AIRFLOW_CTX_TRY_NUMBER='1' AIRFLOW_CTX_DAG_RUN_ID='manual__2025-09-10T12:35:35.379998+00:00'
[2025-09-10T12:37:14.270+0000] {taskinstance.py:430} INFO - ::endgroup::
[2025-09-10T12:37:14.312+0000] {http.py:130} INFO - Poking: /health
[2025-09-10T12:37:14.316+0000] {base.py:84} INFO - Using connection ID 'train_api' for task execution.
[2025-09-10T12:37:14.328+0000] {http.py:178} ERROR - HTTP error: Not Found
[2025-09-10T12:37:14.329+0000] {http.py:179} ERROR - {"detail":"Not Found"}
[2025-09-10T12:37:14.331+0000] {taskinstance.py:441} INFO - ::group::Post task execution logs
[2025-09-10T12:37:14.374+0000] {taskinstance.py:2865} INFO - Rescheduling task, marking task as UP_FOR_RESCHEDULE
[2025-09-10T12:37:14.393+0000] {local_task_job_runner.py:240} INFO - Task exited with return code 0
[2025-09-10T12:37:14.480+0000] {taskinstance.py:3503} INFO - 0 downstream tasks scheduled from follow-on schedule check
[2025-09-10T12:37:14.486+0000] {local_task_job_runner.py:222} INFO - ::endgroup::
[2025-09-10T12:37:32.442+0000] {local_task_job_runner.py:120} INFO - ::group::Pre task execution logs
[2025-09-10T12:37:32.482+0000] {taskinstance.py:2076} INFO - Dependencies all met for dep_context=non-requeueable deps ti=<TaskInstance: train_model_dag_batch_iterative_85000.wait_for_train_api manual__2025-09-10T12:35:35.379998+00:00 [queued]>
[2025-09-10T12:37:32.503+0000] {taskinstance.py:2076} INFO - Dependencies all met for dep_context=requeueable deps ti=<TaskInstance: train_model_dag_batch_iterative_85000.wait_for_train_api manual__2025-09-10T12:35:35.379998+00:00 [queued]>
[2025-09-10T12:37:32.504+0000] {taskinstance.py:2306} INFO - Starting attempt 1 of 2
[2025-09-10T12:37:32.534+0000] {taskinstance.py:2330} INFO - Executing <Task(HttpSensor): wait_for_train_api> on 2025-09-10 12:35:35.379998+00:00
[2025-09-10T12:37:32.546+0000] {standard_task_runner.py:63} INFO - Started process 1524 to run task
[2025-09-10T12:37:32.552+0000] {standard_task_runner.py:90} INFO - Running: ['airflow', 'tasks', 'run', 'train_model_dag_batch_iterative_85000', 'wait_for_train_api', 'manual__2025-09-10T12:35:35.379998+00:00', '--job-id', '474', '--raw', '--subdir', 'DAGS_FOLDER/train_dag.py', '--cfg-path', '/tmp/tmpa0ulblet']
[2025-09-10T12:37:32.558+0000] {standard_task_runner.py:91} INFO - Job 474: Subtask wait_for_train_api
[2025-09-10T12:37:32.690+0000] {task_command.py:426} INFO - Running <TaskInstance: train_model_dag_batch_iterative_85000.wait_for_train_api manual__2025-09-10T12:35:35.379998+00:00 [running]> on host 957802449c84
[2025-09-10T12:37:33.007+0000] {taskinstance.py:2648} INFO - Exporting env vars: AIRFLOW_CTX_DAG_OWNER='airflow' AIRFLOW_CTX_DAG_ID='train_model_dag_batch_iterative_85000' AIRFLOW_CTX_TASK_ID='wait_for_train_api' AIRFLOW_CTX_EXECUTION_DATE='2025-09-10T12:35:35.379998+00:00' AIRFLOW_CTX_TRY_NUMBER='1' AIRFLOW_CTX_DAG_RUN_ID='manual__2025-09-10T12:35:35.379998+00:00'
[2025-09-10T12:37:33.009+0000] {taskinstance.py:430} INFO - ::endgroup::
[2025-09-10T12:37:33.054+0000] {http.py:130} INFO - Poking: /health
[2025-09-10T12:37:33.058+0000] {base.py:84} INFO - Using connection ID 'train_api' for task execution.
[2025-09-10T12:37:33.072+0000] {http.py:178} ERROR - HTTP error: Not Found
[2025-09-10T12:37:33.074+0000] {http.py:179} ERROR - {"detail":"Not Found"}
[2025-09-10T12:37:33.077+0000] {taskinstance.py:441} INFO - ::group::Post task execution logs
[2025-09-10T12:37:33.127+0000] {taskinstance.py:2865} INFO - Rescheduling task, marking task as UP_FOR_RESCHEDULE
[2025-09-10T12:37:33.172+0000] {local_task_job_runner.py:240} INFO - Task exited with return code 0
[2025-09-10T12:37:33.296+0000] {taskinstance.py:3503} INFO - 0 downstream tasks scheduled from follow-on schedule check
[2025-09-10T12:37:33.307+0000] {local_task_job_runner.py:222} INFO - ::endgroup::
[2025-09-10T12:37:51.029+0000] {local_task_job_runner.py:120} INFO - ::group::Pre task execution logs
[2025-09-10T12:37:51.089+0000] {taskinstance.py:2076} INFO - Dependencies all met for dep_context=non-requeueable deps ti=<TaskInstance: train_model_dag_batch_iterative_85000.wait_for_train_api manual__2025-09-10T12:35:35.379998+00:00 [queued]>
[2025-09-10T12:37:51.118+0000] {taskinstance.py:2076} INFO - Dependencies all met for dep_context=requeueable deps ti=<TaskInstance: train_model_dag_batch_iterative_85000.wait_for_train_api manual__2025-09-10T12:35:35.379998+00:00 [queued]>
[2025-09-10T12:37:51.120+0000] {taskinstance.py:2306} INFO - Starting attempt 1 of 2
[2025-09-10T12:37:51.163+0000] {taskinstance.py:2330} INFO - Executing <Task(HttpSensor): wait_for_train_api> on 2025-09-10 12:35:35.379998+00:00
[2025-09-10T12:37:51.174+0000] {standard_task_runner.py:63} INFO - Started process 1545 to run task
[2025-09-10T12:37:51.180+0000] {standard_task_runner.py:90} INFO - Running: ['airflow', 'tasks', 'run', 'train_model_dag_batch_iterative_85000', 'wait_for_train_api', 'manual__2025-09-10T12:35:35.379998+00:00', '--job-id', '475', '--raw', '--subdir', 'DAGS_FOLDER/train_dag.py', '--cfg-path', '/tmp/tmp6c6w14xd']
[2025-09-10T12:37:51.185+0000] {standard_task_runner.py:91} INFO - Job 475: Subtask wait_for_train_api
[2025-09-10T12:37:51.284+0000] {task_command.py:426} INFO - Running <TaskInstance: train_model_dag_batch_iterative_85000.wait_for_train_api manual__2025-09-10T12:35:35.379998+00:00 [running]> on host 957802449c84
[2025-09-10T12:37:51.455+0000] {taskinstance.py:2648} INFO - Exporting env vars: AIRFLOW_CTX_DAG_OWNER='airflow' AIRFLOW_CTX_DAG_ID='train_model_dag_batch_iterative_85000' AIRFLOW_CTX_TASK_ID='wait_for_train_api' AIRFLOW_CTX_EXECUTION_DATE='2025-09-10T12:35:35.379998+00:00' AIRFLOW_CTX_TRY_NUMBER='1' AIRFLOW_CTX_DAG_RUN_ID='manual__2025-09-10T12:35:35.379998+00:00'
[2025-09-10T12:37:51.457+0000] {taskinstance.py:430} INFO - ::endgroup::
[2025-09-10T12:37:51.494+0000] {http.py:130} INFO - Poking: /health
[2025-09-10T12:37:51.497+0000] {base.py:84} INFO - Using connection ID 'train_api' for task execution.
[2025-09-10T12:37:51.508+0000] {http.py:178} ERROR - HTTP error: Not Found
[2025-09-10T12:37:51.509+0000] {http.py:179} ERROR - {"detail":"Not Found"}
[2025-09-10T12:37:51.510+0000] {taskinstance.py:441} INFO - ::group::Post task execution logs
[2025-09-10T12:37:51.555+0000] {taskinstance.py:2865} INFO - Rescheduling task, marking task as UP_FOR_RESCHEDULE
[2025-09-10T12:37:51.597+0000] {local_task_job_runner.py:240} INFO - Task exited with return code 0
[2025-09-10T12:37:51.666+0000] {taskinstance.py:3503} INFO - 0 downstream tasks scheduled from follow-on schedule check
[2025-09-10T12:37:51.670+0000] {local_task_job_runner.py:222} INFO - ::endgroup::
[2025-09-10T12:38:08.658+0000] {local_task_job_runner.py:120} INFO - ::group::Pre task execution logs
[2025-09-10T12:38:08.758+0000] {taskinstance.py:2076} INFO - Dependencies all met for dep_context=non-requeueable deps ti=<TaskInstance: train_model_dag_batch_iterative_85000.wait_for_train_api manual__2025-09-10T12:35:35.379998+00:00 [queued]>
[2025-09-10T12:38:08.810+0000] {taskinstance.py:2076} INFO - Dependencies all met for dep_context=requeueable deps ti=<TaskInstance: train_model_dag_batch_iterative_85000.wait_for_train_api manual__2025-09-10T12:35:35.379998+00:00 [queued]>
[2025-09-10T12:38:08.812+0000] {taskinstance.py:2306} INFO - Starting attempt 1 of 2
[2025-09-10T12:38:08.893+0000] {taskinstance.py:2330} INFO - Executing <Task(HttpSensor): wait_for_train_api> on 2025-09-10 12:35:35.379998+00:00
[2025-09-10T12:38:08.922+0000] {standard_task_runner.py:63} INFO - Started process 1548 to run task
[2025-09-10T12:38:08.930+0000] {standard_task_runner.py:90} INFO - Running: ['airflow', 'tasks', 'run', 'train_model_dag_batch_iterative_85000', 'wait_for_train_api', 'manual__2025-09-10T12:35:35.379998+00:00', '--job-id', '476', '--raw', '--subdir', 'DAGS_FOLDER/train_dag.py', '--cfg-path', '/tmp/tmprsglq6ll']
[2025-09-10T12:38:08.936+0000] {standard_task_runner.py:91} INFO - Job 476: Subtask wait_for_train_api
[2025-09-10T12:38:09.159+0000] {task_command.py:426} INFO - Running <TaskInstance: train_model_dag_batch_iterative_85000.wait_for_train_api manual__2025-09-10T12:35:35.379998+00:00 [running]> on host 957802449c84
[2025-09-10T12:38:09.484+0000] {taskinstance.py:2648} INFO - Exporting env vars: AIRFLOW_CTX_DAG_OWNER='airflow' AIRFLOW_CTX_DAG_ID='train_model_dag_batch_iterative_85000' AIRFLOW_CTX_TASK_ID='wait_for_train_api' AIRFLOW_CTX_EXECUTION_DATE='2025-09-10T12:35:35.379998+00:00' AIRFLOW_CTX_TRY_NUMBER='1' AIRFLOW_CTX_DAG_RUN_ID='manual__2025-09-10T12:35:35.379998+00:00'
[2025-09-10T12:38:09.486+0000] {taskinstance.py:430} INFO - ::endgroup::
[2025-09-10T12:38:09.529+0000] {http.py:130} INFO - Poking: /health
[2025-09-10T12:38:09.533+0000] {base.py:84} INFO - Using connection ID 'train_api' for task execution.
[2025-09-10T12:38:09.546+0000] {http.py:178} ERROR - HTTP error: Not Found
[2025-09-10T12:38:09.547+0000] {http.py:179} ERROR - {"detail":"Not Found"}
[2025-09-10T12:38:09.548+0000] {taskinstance.py:441} INFO - ::group::Post task execution logs
[2025-09-10T12:38:09.592+0000] {taskinstance.py:2865} INFO - Rescheduling task, marking task as UP_FOR_RESCHEDULE
[2025-09-10T12:38:09.645+0000] {local_task_job_runner.py:240} INFO - Task exited with return code 0
[2025-09-10T12:38:09.758+0000] {taskinstance.py:3503} INFO - 0 downstream tasks scheduled from follow-on schedule check
[2025-09-10T12:38:09.763+0000] {local_task_job_runner.py:222} INFO - ::endgroup::
[2025-09-10T12:38:26.158+0000] {local_task_job_runner.py:120} INFO - ::group::Pre task execution logs
[2025-09-10T12:38:26.193+0000] {taskinstance.py:2076} INFO - Dependencies all met for dep_context=non-requeueable deps ti=<TaskInstance: train_model_dag_batch_iterative_85000.wait_for_train_api manual__2025-09-10T12:35:35.379998+00:00 [queued]>
[2025-09-10T12:38:26.213+0000] {taskinstance.py:2076} INFO - Dependencies all met for dep_context=requeueable deps ti=<TaskInstance: train_model_dag_batch_iterative_85000.wait_for_train_api manual__2025-09-10T12:35:35.379998+00:00 [queued]>
[2025-09-10T12:38:26.214+0000] {taskinstance.py:2306} INFO - Starting attempt 1 of 2
[2025-09-10T12:38:26.243+0000] {taskinstance.py:2330} INFO - Executing <Task(HttpSensor): wait_for_train_api> on 2025-09-10 12:35:35.379998+00:00
[2025-09-10T12:38:26.252+0000] {standard_task_runner.py:63} INFO - Started process 1569 to run task
[2025-09-10T12:38:26.258+0000] {standard_task_runner.py:90} INFO - Running: ['airflow', 'tasks', 'run', 'train_model_dag_batch_iterative_85000', 'wait_for_train_api', 'manual__2025-09-10T12:35:35.379998+00:00', '--job-id', '477', '--raw', '--subdir', 'DAGS_FOLDER/train_dag.py', '--cfg-path', '/tmp/tmpj07sxk63']
[2025-09-10T12:38:26.262+0000] {standard_task_runner.py:91} INFO - Job 477: Subtask wait_for_train_api
[2025-09-10T12:38:26.357+0000] {task_command.py:426} INFO - Running <TaskInstance: train_model_dag_batch_iterative_85000.wait_for_train_api manual__2025-09-10T12:35:35.379998+00:00 [running]> on host 957802449c84
[2025-09-10T12:38:26.519+0000] {taskinstance.py:2648} INFO - Exporting env vars: AIRFLOW_CTX_DAG_OWNER='airflow' AIRFLOW_CTX_DAG_ID='train_model_dag_batch_iterative_85000' AIRFLOW_CTX_TASK_ID='wait_for_train_api' AIRFLOW_CTX_EXECUTION_DATE='2025-09-10T12:35:35.379998+00:00' AIRFLOW_CTX_TRY_NUMBER='1' AIRFLOW_CTX_DAG_RUN_ID='manual__2025-09-10T12:35:35.379998+00:00'
[2025-09-10T12:38:26.522+0000] {taskinstance.py:430} INFO - ::endgroup::
[2025-09-10T12:38:26.561+0000] {http.py:130} INFO - Poking: /health
[2025-09-10T12:38:26.569+0000] {base.py:84} INFO - Using connection ID 'train_api' for task execution.
[2025-09-10T12:38:26.580+0000] {http.py:178} ERROR - HTTP error: Not Found
[2025-09-10T12:38:26.581+0000] {http.py:179} ERROR - {"detail":"Not Found"}
[2025-09-10T12:38:26.584+0000] {taskinstance.py:441} INFO - ::group::Post task execution logs
[2025-09-10T12:38:26.622+0000] {taskinstance.py:2865} INFO - Rescheduling task, marking task as UP_FOR_RESCHEDULE
[2025-09-10T12:38:26.637+0000] {local_task_job_runner.py:240} INFO - Task exited with return code 0
[2025-09-10T12:38:26.708+0000] {taskinstance.py:3503} INFO - 0 downstream tasks scheduled from follow-on schedule check
[2025-09-10T12:38:26.712+0000] {local_task_job_runner.py:222} INFO - ::endgroup::
[2025-09-10T12:38:44.497+0000] {local_task_job_runner.py:120} INFO - ::group::Pre task execution logs
[2025-09-10T12:38:44.540+0000] {taskinstance.py:2076} INFO - Dependencies all met for dep_context=non-requeueable deps ti=<TaskInstance: train_model_dag_batch_iterative_85000.wait_for_train_api manual__2025-09-10T12:35:35.379998+00:00 [queued]>
[2025-09-10T12:38:44.561+0000] {taskinstance.py:2076} INFO - Dependencies all met for dep_context=requeueable deps ti=<TaskInstance: train_model_dag_batch_iterative_85000.wait_for_train_api manual__2025-09-10T12:35:35.379998+00:00 [queued]>
[2025-09-10T12:38:44.562+0000] {taskinstance.py:2306} INFO - Starting attempt 1 of 2
[2025-09-10T12:38:44.599+0000] {taskinstance.py:2330} INFO - Executing <Task(HttpSensor): wait_for_train_api> on 2025-09-10 12:35:35.379998+00:00
[2025-09-10T12:38:44.612+0000] {standard_task_runner.py:63} INFO - Started process 1572 to run task
[2025-09-10T12:38:44.619+0000] {standard_task_runner.py:90} INFO - Running: ['airflow', 'tasks', 'run', 'train_model_dag_batch_iterative_85000', 'wait_for_train_api', 'manual__2025-09-10T12:35:35.379998+00:00', '--job-id', '478', '--raw', '--subdir', 'DAGS_FOLDER/train_dag.py', '--cfg-path', '/tmp/tmp_yek5sob']
[2025-09-10T12:38:44.626+0000] {standard_task_runner.py:91} INFO - Job 478: Subtask wait_for_train_api
[2025-09-10T12:38:44.829+0000] {task_command.py:426} INFO - Running <TaskInstance: train_model_dag_batch_iterative_85000.wait_for_train_api manual__2025-09-10T12:35:35.379998+00:00 [running]> on host 957802449c84
[2025-09-10T12:38:45.050+0000] {taskinstance.py:2648} INFO - Exporting env vars: AIRFLOW_CTX_DAG_OWNER='airflow' AIRFLOW_CTX_DAG_ID='train_model_dag_batch_iterative_85000' AIRFLOW_CTX_TASK_ID='wait_for_train_api' AIRFLOW_CTX_EXECUTION_DATE='2025-09-10T12:35:35.379998+00:00' AIRFLOW_CTX_TRY_NUMBER='1' AIRFLOW_CTX_DAG_RUN_ID='manual__2025-09-10T12:35:35.379998+00:00'
[2025-09-10T12:38:45.053+0000] {taskinstance.py:430} INFO - ::endgroup::
[2025-09-10T12:38:45.157+0000] {http.py:130} INFO - Poking: /health
[2025-09-10T12:38:45.175+0000] {base.py:84} INFO - Using connection ID 'train_api' for task execution.
[2025-09-10T12:38:45.214+0000] {http.py:178} ERROR - HTTP error: Not Found
[2025-09-10T12:38:45.216+0000] {http.py:179} ERROR - {"detail":"Not Found"}
[2025-09-10T12:38:45.218+0000] {taskinstance.py:441} INFO - ::group::Post task execution logs
[2025-09-10T12:38:45.316+0000] {taskinstance.py:2865} INFO - Rescheduling task, marking task as UP_FOR_RESCHEDULE
[2025-09-10T12:38:45.358+0000] {local_task_job_runner.py:240} INFO - Task exited with return code 0
[2025-09-10T12:38:45.441+0000] {taskinstance.py:3503} INFO - 0 downstream tasks scheduled from follow-on schedule check
[2025-09-10T12:38:45.445+0000] {local_task_job_runner.py:222} INFO - ::endgroup::
[2025-09-10T12:39:02.705+0000] {local_task_job_runner.py:120} INFO - ::group::Pre task execution logs
[2025-09-10T12:39:02.751+0000] {taskinstance.py:2076} INFO - Dependencies all met for dep_context=non-requeueable deps ti=<TaskInstance: train_model_dag_batch_iterative_85000.wait_for_train_api manual__2025-09-10T12:35:35.379998+00:00 [queued]>
[2025-09-10T12:39:02.776+0000] {taskinstance.py:2076} INFO - Dependencies all met for dep_context=requeueable deps ti=<TaskInstance: train_model_dag_batch_iterative_85000.wait_for_train_api manual__2025-09-10T12:35:35.379998+00:00 [queued]>
[2025-09-10T12:39:02.777+0000] {taskinstance.py:2306} INFO - Starting attempt 1 of 2
[2025-09-10T12:39:02.809+0000] {taskinstance.py:2330} INFO - Executing <Task(HttpSensor): wait_for_train_api> on 2025-09-10 12:35:35.379998+00:00
[2025-09-10T12:39:02.823+0000] {standard_task_runner.py:63} INFO - Started process 1594 to run task
[2025-09-10T12:39:02.832+0000] {standard_task_runner.py:90} INFO - Running: ['airflow', 'tasks', 'run', 'train_model_dag_batch_iterative_85000', 'wait_for_train_api', 'manual__2025-09-10T12:35:35.379998+00:00', '--job-id', '479', '--raw', '--subdir', 'DAGS_FOLDER/train_dag.py', '--cfg-path', '/tmp/tmpzzeshjve']
[2025-09-10T12:39:02.838+0000] {standard_task_runner.py:91} INFO - Job 479: Subtask wait_for_train_api
[2025-09-10T12:39:02.920+0000] {task_command.py:426} INFO - Running <TaskInstance: train_model_dag_batch_iterative_85000.wait_for_train_api manual__2025-09-10T12:35:35.379998+00:00 [running]> on host 957802449c84
[2025-09-10T12:39:03.053+0000] {taskinstance.py:2648} INFO - Exporting env vars: AIRFLOW_CTX_DAG_OWNER='airflow' AIRFLOW_CTX_DAG_ID='train_model_dag_batch_iterative_85000' AIRFLOW_CTX_TASK_ID='wait_for_train_api' AIRFLOW_CTX_EXECUTION_DATE='2025-09-10T12:35:35.379998+00:00' AIRFLOW_CTX_TRY_NUMBER='1' AIRFLOW_CTX_DAG_RUN_ID='manual__2025-09-10T12:35:35.379998+00:00'
[2025-09-10T12:39:03.055+0000] {taskinstance.py:430} INFO - ::endgroup::
[2025-09-10T12:39:03.085+0000] {http.py:130} INFO - Poking: /health
[2025-09-10T12:39:03.088+0000] {base.py:84} INFO - Using connection ID 'train_api' for task execution.
[2025-09-10T12:39:03.109+0000] {http.py:178} ERROR - HTTP error: Not Found
[2025-09-10T12:39:03.110+0000] {http.py:179} ERROR - {"detail":"Not Found"}
[2025-09-10T12:39:03.111+0000] {taskinstance.py:441} INFO - ::group::Post task execution logs
[2025-09-10T12:39:03.148+0000] {taskinstance.py:2865} INFO - Rescheduling task, marking task as UP_FOR_RESCHEDULE
[2025-09-10T12:39:03.166+0000] {local_task_job_runner.py:240} INFO - Task exited with return code 0
[2025-09-10T12:39:03.251+0000] {taskinstance.py:3503} INFO - 0 downstream tasks scheduled from follow-on schedule check
[2025-09-10T12:39:03.256+0000] {local_task_job_runner.py:222} INFO - ::endgroup::
[2025-09-10T12:39:20.037+0000] {local_task_job_runner.py:120} INFO - ::group::Pre task execution logs
[2025-09-10T12:39:20.084+0000] {taskinstance.py:2076} INFO - Dependencies all met for dep_context=non-requeueable deps ti=<TaskInstance: train_model_dag_batch_iterative_85000.wait_for_train_api manual__2025-09-10T12:35:35.379998+00:00 [queued]>
[2025-09-10T12:39:20.115+0000] {taskinstance.py:2076} INFO - Dependencies all met for dep_context=requeueable deps ti=<TaskInstance: train_model_dag_batch_iterative_85000.wait_for_train_api manual__2025-09-10T12:35:35.379998+00:00 [queued]>
[2025-09-10T12:39:20.122+0000] {taskinstance.py:2306} INFO - Starting attempt 1 of 2
[2025-09-10T12:39:20.189+0000] {taskinstance.py:2330} INFO - Executing <Task(HttpSensor): wait_for_train_api> on 2025-09-10 12:35:35.379998+00:00
[2025-09-10T12:39:20.204+0000] {standard_task_runner.py:63} INFO - Started process 1609 to run task
[2025-09-10T12:39:20.215+0000] {standard_task_runner.py:90} INFO - Running: ['airflow', 'tasks', 'run', 'train_model_dag_batch_iterative_85000', 'wait_for_train_api', 'manual__2025-09-10T12:35:35.379998+00:00', '--job-id', '480', '--raw', '--subdir', 'DAGS_FOLDER/train_dag.py', '--cfg-path', '/tmp/tmp1groqss9']
[2025-09-10T12:39:20.221+0000] {standard_task_runner.py:91} INFO - Job 480: Subtask wait_for_train_api
[2025-09-10T12:39:20.347+0000] {task_command.py:426} INFO - Running <TaskInstance: train_model_dag_batch_iterative_85000.wait_for_train_api manual__2025-09-10T12:35:35.379998+00:00 [running]> on host 957802449c84
[2025-09-10T12:39:20.655+0000] {taskinstance.py:2648} INFO - Exporting env vars: AIRFLOW_CTX_DAG_OWNER='airflow' AIRFLOW_CTX_DAG_ID='train_model_dag_batch_iterative_85000' AIRFLOW_CTX_TASK_ID='wait_for_train_api' AIRFLOW_CTX_EXECUTION_DATE='2025-09-10T12:35:35.379998+00:00' AIRFLOW_CTX_TRY_NUMBER='1' AIRFLOW_CTX_DAG_RUN_ID='manual__2025-09-10T12:35:35.379998+00:00'
[2025-09-10T12:39:20.668+0000] {taskinstance.py:430} INFO - ::endgroup::
[2025-09-10T12:39:20.756+0000] {http.py:130} INFO - Poking: /health
[2025-09-10T12:39:20.773+0000] {base.py:84} INFO - Using connection ID 'train_api' for task execution.
[2025-09-10T12:39:20.800+0000] {http.py:178} ERROR - HTTP error: Not Found
[2025-09-10T12:39:20.801+0000] {http.py:179} ERROR - {"detail":"Not Found"}
[2025-09-10T12:39:20.805+0000] {taskinstance.py:441} INFO - ::group::Post task execution logs
[2025-09-10T12:39:20.888+0000] {taskinstance.py:2865} INFO - Rescheduling task, marking task as UP_FOR_RESCHEDULE
[2025-09-10T12:39:20.925+0000] {local_task_job_runner.py:240} INFO - Task exited with return code 0
[2025-09-10T12:39:21.002+0000] {taskinstance.py:3503} INFO - 0 downstream tasks scheduled from follow-on schedule check
[2025-09-10T12:39:21.009+0000] {local_task_job_runner.py:222} INFO - ::endgroup::
[2025-09-10T12:39:37.188+0000] {local_task_job_runner.py:120} INFO - ::group::Pre task execution logs
[2025-09-10T12:39:37.214+0000] {taskinstance.py:2076} INFO - Dependencies all met for dep_context=non-requeueable deps ti=<TaskInstance: train_model_dag_batch_iterative_85000.wait_for_train_api manual__2025-09-10T12:35:35.379998+00:00 [queued]>
[2025-09-10T12:39:37.229+0000] {taskinstance.py:2076} INFO - Dependencies all met for dep_context=requeueable deps ti=<TaskInstance: train_model_dag_batch_iterative_85000.wait_for_train_api manual__2025-09-10T12:35:35.379998+00:00 [queued]>
[2025-09-10T12:39:37.230+0000] {taskinstance.py:2306} INFO - Starting attempt 1 of 2
[2025-09-10T12:39:37.251+0000] {taskinstance.py:2330} INFO - Executing <Task(HttpSensor): wait_for_train_api> on 2025-09-10 12:35:35.379998+00:00
[2025-09-10T12:39:37.260+0000] {standard_task_runner.py:63} INFO - Started process 1618 to run task
[2025-09-10T12:39:37.265+0000] {standard_task_runner.py:90} INFO - Running: ['airflow', 'tasks', 'run', 'train_model_dag_batch_iterative_85000', 'wait_for_train_api', 'manual__2025-09-10T12:35:35.379998+00:00', '--job-id', '481', '--raw', '--subdir', 'DAGS_FOLDER/train_dag.py', '--cfg-path', '/tmp/tmpv3jfig7_']
[2025-09-10T12:39:37.275+0000] {standard_task_runner.py:91} INFO - Job 481: Subtask wait_for_train_api
[2025-09-10T12:39:37.473+0000] {task_command.py:426} INFO - Running <TaskInstance: train_model_dag_batch_iterative_85000.wait_for_train_api manual__2025-09-10T12:35:35.379998+00:00 [running]> on host 957802449c84
[2025-09-10T12:39:37.651+0000] {taskinstance.py:2648} INFO - Exporting env vars: AIRFLOW_CTX_DAG_OWNER='airflow' AIRFLOW_CTX_DAG_ID='train_model_dag_batch_iterative_85000' AIRFLOW_CTX_TASK_ID='wait_for_train_api' AIRFLOW_CTX_EXECUTION_DATE='2025-09-10T12:35:35.379998+00:00' AIRFLOW_CTX_TRY_NUMBER='1' AIRFLOW_CTX_DAG_RUN_ID='manual__2025-09-10T12:35:35.379998+00:00'
[2025-09-10T12:39:37.653+0000] {taskinstance.py:430} INFO - ::endgroup::
[2025-09-10T12:39:37.701+0000] {http.py:130} INFO - Poking: /health
[2025-09-10T12:39:37.706+0000] {base.py:84} INFO - Using connection ID 'train_api' for task execution.
[2025-09-10T12:39:37.718+0000] {http.py:178} ERROR - HTTP error: Not Found
[2025-09-10T12:39:37.719+0000] {http.py:179} ERROR - {"detail":"Not Found"}
[2025-09-10T12:39:37.724+0000] {taskinstance.py:441} INFO - ::group::Post task execution logs
[2025-09-10T12:39:37.772+0000] {taskinstance.py:2865} INFO - Rescheduling task, marking task as UP_FOR_RESCHEDULE
[2025-09-10T12:39:37.803+0000] {local_task_job_runner.py:240} INFO - Task exited with return code 0
[2025-09-10T12:39:37.888+0000] {taskinstance.py:3503} INFO - 0 downstream tasks scheduled from follow-on schedule check
[2025-09-10T12:39:37.893+0000] {local_task_job_runner.py:222} INFO - ::endgroup::
[2025-09-10T12:39:55.375+0000] {local_task_job_runner.py:120} INFO - ::group::Pre task execution logs
[2025-09-10T12:39:55.489+0000] {taskinstance.py:2076} INFO - Dependencies all met for dep_context=non-requeueable deps ti=<TaskInstance: train_model_dag_batch_iterative_85000.wait_for_train_api manual__2025-09-10T12:35:35.379998+00:00 [queued]>
[2025-09-10T12:39:55.519+0000] {taskinstance.py:2076} INFO - Dependencies all met for dep_context=requeueable deps ti=<TaskInstance: train_model_dag_batch_iterative_85000.wait_for_train_api manual__2025-09-10T12:35:35.379998+00:00 [queued]>
[2025-09-10T12:39:55.520+0000] {taskinstance.py:2306} INFO - Starting attempt 1 of 2
[2025-09-10T12:39:55.553+0000] {taskinstance.py:2330} INFO - Executing <Task(HttpSensor): wait_for_train_api> on 2025-09-10 12:35:35.379998+00:00
[2025-09-10T12:39:55.569+0000] {standard_task_runner.py:63} INFO - Started process 1637 to run task
[2025-09-10T12:39:55.598+0000] {standard_task_runner.py:90} INFO - Running: ['airflow', 'tasks', 'run', 'train_model_dag_batch_iterative_85000', 'wait_for_train_api', 'manual__2025-09-10T12:35:35.379998+00:00', '--job-id', '482', '--raw', '--subdir', 'DAGS_FOLDER/train_dag.py', '--cfg-path', '/tmp/tmp_wjl38tc']
[2025-09-10T12:39:55.602+0000] {standard_task_runner.py:91} INFO - Job 482: Subtask wait_for_train_api
[2025-09-10T12:39:55.834+0000] {task_command.py:426} INFO - Running <TaskInstance: train_model_dag_batch_iterative_85000.wait_for_train_api manual__2025-09-10T12:35:35.379998+00:00 [running]> on host 957802449c84
[2025-09-10T12:39:56.278+0000] {taskinstance.py:2648} INFO - Exporting env vars: AIRFLOW_CTX_DAG_OWNER='airflow' AIRFLOW_CTX_DAG_ID='train_model_dag_batch_iterative_85000' AIRFLOW_CTX_TASK_ID='wait_for_train_api' AIRFLOW_CTX_EXECUTION_DATE='2025-09-10T12:35:35.379998+00:00' AIRFLOW_CTX_TRY_NUMBER='1' AIRFLOW_CTX_DAG_RUN_ID='manual__2025-09-10T12:35:35.379998+00:00'
[2025-09-10T12:39:56.282+0000] {taskinstance.py:430} INFO - ::endgroup::
[2025-09-10T12:39:56.386+0000] {http.py:130} INFO - Poking: /health
[2025-09-10T12:39:56.419+0000] {base.py:84} INFO - Using connection ID 'train_api' for task execution.
[2025-09-10T12:39:56.448+0000] {http.py:178} ERROR - HTTP error: Not Found
[2025-09-10T12:39:56.452+0000] {http.py:179} ERROR - {"detail":"Not Found"}
[2025-09-10T12:39:56.456+0000] {taskinstance.py:441} INFO - ::group::Post task execution logs
[2025-09-10T12:39:59.093+0000] {taskinstance.py:2865} INFO - Rescheduling task, marking task as UP_FOR_RESCHEDULE
[2025-09-10T12:39:59.146+0000] {local_task_job_runner.py:240} INFO - Task exited with return code 0
[2025-09-10T12:39:59.289+0000] {taskinstance.py:3503} INFO - 0 downstream tasks scheduled from follow-on schedule check
[2025-09-10T12:39:59.295+0000] {local_task_job_runner.py:222} INFO - ::endgroup::
[2025-09-10T12:40:14.453+0000] {local_task_job_runner.py:120} INFO - ::group::Pre task execution logs
[2025-09-10T12:40:14.495+0000] {taskinstance.py:2076} INFO - Dependencies all met for dep_context=non-requeueable deps ti=<TaskInstance: train_model_dag_batch_iterative_85000.wait_for_train_api manual__2025-09-10T12:35:35.379998+00:00 [queued]>
[2025-09-10T12:40:14.515+0000] {taskinstance.py:2076} INFO - Dependencies all met for dep_context=requeueable deps ti=<TaskInstance: train_model_dag_batch_iterative_85000.wait_for_train_api manual__2025-09-10T12:35:35.379998+00:00 [queued]>
[2025-09-10T12:40:14.516+0000] {taskinstance.py:2306} INFO - Starting attempt 1 of 2
[2025-09-10T12:40:14.555+0000] {taskinstance.py:2330} INFO - Executing <Task(HttpSensor): wait_for_train_api> on 2025-09-10 12:35:35.379998+00:00
[2025-09-10T12:40:14.566+0000] {standard_task_runner.py:63} INFO - Started process 1649 to run task
[2025-09-10T12:40:14.575+0000] {standard_task_runner.py:90} INFO - Running: ['airflow', 'tasks', 'run', 'train_model_dag_batch_iterative_85000', 'wait_for_train_api', 'manual__2025-09-10T12:35:35.379998+00:00', '--job-id', '483', '--raw', '--subdir', 'DAGS_FOLDER/train_dag.py', '--cfg-path', '/tmp/tmpaxt6bwec']
[2025-09-10T12:40:14.580+0000] {standard_task_runner.py:91} INFO - Job 483: Subtask wait_for_train_api
[2025-09-10T12:40:14.767+0000] {task_command.py:426} INFO - Running <TaskInstance: train_model_dag_batch_iterative_85000.wait_for_train_api manual__2025-09-10T12:35:35.379998+00:00 [running]> on host 957802449c84
[2025-09-10T12:40:14.955+0000] {taskinstance.py:2648} INFO - Exporting env vars: AIRFLOW_CTX_DAG_OWNER='airflow' AIRFLOW_CTX_DAG_ID='train_model_dag_batch_iterative_85000' AIRFLOW_CTX_TASK_ID='wait_for_train_api' AIRFLOW_CTX_EXECUTION_DATE='2025-09-10T12:35:35.379998+00:00' AIRFLOW_CTX_TRY_NUMBER='1' AIRFLOW_CTX_DAG_RUN_ID='manual__2025-09-10T12:35:35.379998+00:00'
[2025-09-10T12:40:14.957+0000] {taskinstance.py:430} INFO - ::endgroup::
[2025-09-10T12:40:14.994+0000] {http.py:130} INFO - Poking: /health
[2025-09-10T12:40:14.998+0000] {base.py:84} INFO - Using connection ID 'train_api' for task execution.
[2025-09-10T12:40:15.009+0000] {http.py:178} ERROR - HTTP error: Not Found
[2025-09-10T12:40:15.011+0000] {http.py:179} ERROR - {"detail":"Not Found"}
[2025-09-10T12:40:15.012+0000] {taskinstance.py:441} INFO - ::group::Post task execution logs
[2025-09-10T12:40:15.052+0000] {taskinstance.py:2865} INFO - Rescheduling task, marking task as UP_FOR_RESCHEDULE
[2025-09-10T12:40:15.111+0000] {local_task_job_runner.py:240} INFO - Task exited with return code 0
[2025-09-10T12:40:15.211+0000] {taskinstance.py:3503} INFO - 0 downstream tasks scheduled from follow-on schedule check
[2025-09-10T12:40:15.216+0000] {local_task_job_runner.py:222} INFO - ::endgroup::
[2025-09-10T12:40:32.085+0000] {local_task_job_runner.py:120} INFO - ::group::Pre task execution logs
[2025-09-10T12:40:32.112+0000] {taskinstance.py:2076} INFO - Dependencies all met for dep_context=non-requeueable deps ti=<TaskInstance: train_model_dag_batch_iterative_85000.wait_for_train_api manual__2025-09-10T12:35:35.379998+00:00 [queued]>
[2025-09-10T12:40:32.125+0000] {taskinstance.py:2076} INFO - Dependencies all met for dep_context=requeueable deps ti=<TaskInstance: train_model_dag_batch_iterative_85000.wait_for_train_api manual__2025-09-10T12:35:35.379998+00:00 [queued]>
[2025-09-10T12:40:32.126+0000] {taskinstance.py:2306} INFO - Starting attempt 1 of 2
[2025-09-10T12:40:32.148+0000] {taskinstance.py:2330} INFO - Executing <Task(HttpSensor): wait_for_train_api> on 2025-09-10 12:35:35.379998+00:00
[2025-09-10T12:40:32.160+0000] {standard_task_runner.py:63} INFO - Started process 1663 to run task
[2025-09-10T12:40:32.166+0000] {standard_task_runner.py:90} INFO - Running: ['airflow', 'tasks', 'run', 'train_model_dag_batch_iterative_85000', 'wait_for_train_api', 'manual__2025-09-10T12:35:35.379998+00:00', '--job-id', '484', '--raw', '--subdir', 'DAGS_FOLDER/train_dag.py', '--cfg-path', '/tmp/tmpilhpel2d']
[2025-09-10T12:40:32.193+0000] {standard_task_runner.py:91} INFO - Job 484: Subtask wait_for_train_api
[2025-09-10T12:40:32.279+0000] {task_command.py:426} INFO - Running <TaskInstance: train_model_dag_batch_iterative_85000.wait_for_train_api manual__2025-09-10T12:35:35.379998+00:00 [running]> on host 957802449c84
[2025-09-10T12:40:32.447+0000] {taskinstance.py:2648} INFO - Exporting env vars: AIRFLOW_CTX_DAG_OWNER='airflow' AIRFLOW_CTX_DAG_ID='train_model_dag_batch_iterative_85000' AIRFLOW_CTX_TASK_ID='wait_for_train_api' AIRFLOW_CTX_EXECUTION_DATE='2025-09-10T12:35:35.379998+00:00' AIRFLOW_CTX_TRY_NUMBER='1' AIRFLOW_CTX_DAG_RUN_ID='manual__2025-09-10T12:35:35.379998+00:00'
[2025-09-10T12:40:32.452+0000] {taskinstance.py:430} INFO - ::endgroup::
[2025-09-10T12:40:32.532+0000] {http.py:130} INFO - Poking: /health
[2025-09-10T12:40:32.560+0000] {base.py:84} INFO - Using connection ID 'train_api' for task execution.
[2025-09-10T12:40:32.581+0000] {http.py:178} ERROR - HTTP error: Not Found
[2025-09-10T12:40:32.582+0000] {http.py:179} ERROR - {"detail":"Not Found"}
[2025-09-10T12:40:32.584+0000] {taskinstance.py:441} INFO - ::group::Post task execution logs
[2025-09-10T12:40:32.631+0000] {taskinstance.py:2865} INFO - Rescheduling task, marking task as UP_FOR_RESCHEDULE
[2025-09-10T12:40:32.670+0000] {local_task_job_runner.py:240} INFO - Task exited with return code 0
[2025-09-10T12:40:32.750+0000] {taskinstance.py:3503} INFO - 0 downstream tasks scheduled from follow-on schedule check
[2025-09-10T12:40:32.754+0000] {local_task_job_runner.py:222} INFO - ::endgroup::
[2025-09-10T12:40:49.181+0000] {local_task_job_runner.py:120} INFO - ::group::Pre task execution logs
[2025-09-10T12:40:49.224+0000] {taskinstance.py:2076} INFO - Dependencies all met for dep_context=non-requeueable deps ti=<TaskInstance: train_model_dag_batch_iterative_85000.wait_for_train_api manual__2025-09-10T12:35:35.379998+00:00 [queued]>
[2025-09-10T12:40:49.240+0000] {taskinstance.py:2076} INFO - Dependencies all met for dep_context=requeueable deps ti=<TaskInstance: train_model_dag_batch_iterative_85000.wait_for_train_api manual__2025-09-10T12:35:35.379998+00:00 [queued]>
[2025-09-10T12:40:49.240+0000] {taskinstance.py:2306} INFO - Starting attempt 1 of 2
[2025-09-10T12:40:49.264+0000] {taskinstance.py:2330} INFO - Executing <Task(HttpSensor): wait_for_train_api> on 2025-09-10 12:35:35.379998+00:00
[2025-09-10T12:40:49.275+0000] {standard_task_runner.py:63} INFO - Started process 1673 to run task
[2025-09-10T12:40:49.281+0000] {standard_task_runner.py:90} INFO - Running: ['airflow', 'tasks', 'run', 'train_model_dag_batch_iterative_85000', 'wait_for_train_api', 'manual__2025-09-10T12:35:35.379998+00:00', '--job-id', '485', '--raw', '--subdir', 'DAGS_FOLDER/train_dag.py', '--cfg-path', '/tmp/tmp1l8k0r62']
[2025-09-10T12:40:49.285+0000] {standard_task_runner.py:91} INFO - Job 485: Subtask wait_for_train_api
[2025-09-10T12:40:49.368+0000] {task_command.py:426} INFO - Running <TaskInstance: train_model_dag_batch_iterative_85000.wait_for_train_api manual__2025-09-10T12:35:35.379998+00:00 [running]> on host 957802449c84
[2025-09-10T12:40:49.576+0000] {taskinstance.py:2648} INFO - Exporting env vars: AIRFLOW_CTX_DAG_OWNER='airflow' AIRFLOW_CTX_DAG_ID='train_model_dag_batch_iterative_85000' AIRFLOW_CTX_TASK_ID='wait_for_train_api' AIRFLOW_CTX_EXECUTION_DATE='2025-09-10T12:35:35.379998+00:00' AIRFLOW_CTX_TRY_NUMBER='1' AIRFLOW_CTX_DAG_RUN_ID='manual__2025-09-10T12:35:35.379998+00:00'
[2025-09-10T12:40:49.579+0000] {taskinstance.py:430} INFO - ::endgroup::
[2025-09-10T12:40:49.641+0000] {http.py:130} INFO - Poking: /health
[2025-09-10T12:40:49.645+0000] {base.py:84} INFO - Using connection ID 'train_api' for task execution.
[2025-09-10T12:40:49.658+0000] {http.py:178} ERROR - HTTP error: Not Found
[2025-09-10T12:40:49.660+0000] {http.py:179} ERROR - {"detail":"Not Found"}
[2025-09-10T12:40:49.661+0000] {taskinstance.py:441} INFO - ::group::Post task execution logs
[2025-09-10T12:40:49.663+0000] {taskinstance.py:2905} ERROR - Task failed with exception
Traceback (most recent call last):
  File "/home/airflow/.local/lib/python3.8/site-packages/airflow/models/taskinstance.py", line 465, in _execute_task
    result = _execute_callable(context=context, **execute_callable_kwargs)
  File "/home/airflow/.local/lib/python3.8/site-packages/airflow/models/taskinstance.py", line 432, in _execute_callable
    return execute_callable(context=context, **execute_callable_kwargs)
  File "/home/airflow/.local/lib/python3.8/site-packages/airflow/models/baseoperator.py", line 401, in wrapper
    return func(self, *args, **kwargs)
  File "/home/airflow/.local/lib/python3.8/site-packages/airflow/sensors/base.py", line 281, in execute
    raise AirflowSensorTimeout(message)
airflow.exceptions.AirflowSensorTimeout: Sensor has timed out; run duration of 304.99935 seconds exceeds the specified timeout of 300.0.
[2025-09-10T12:40:49.684+0000] {taskinstance.py:1206} INFO - Immediate failure requested. Marking task as FAILED. dag_id=train_model_dag_batch_iterative_85000, task_id=wait_for_train_api, run_id=manual__2025-09-10T12:35:35.379998+00:00, execution_date=20250910T123535, start_date=20250910T124049, end_date=20250910T124049
[2025-09-10T12:40:49.720+0000] {standard_task_runner.py:110} ERROR - Failed to execute job 485 for task wait_for_train_api (Sensor has timed out; run duration of 304.99935 seconds exceeds the specified timeout of 300.0.; 1673)
[2025-09-10T12:40:49.779+0000] {local_task_job_runner.py:240} INFO - Task exited with return code 1
[2025-09-10T12:40:49.896+0000] {taskinstance.py:3503} INFO - 0 downstream tasks scheduled from follow-on schedule check
[2025-09-10T12:40:49.915+0000] {local_task_job_runner.py:222} INFO - ::endgroup::
