[2025-09-11T23:49:41.842+0000] {local_task_job_runner.py:120} INFO - ::group::Pre task execution logs
[2025-09-11T23:49:41.870+0000] {taskinstance.py:2076} INFO - Dependencies all met for dep_context=non-requeueable deps ti=<TaskInstance: train_model_dag_batch_iterative_85000.train_model_iterative manual__2025-09-11T23:48:52.263667+00:00 [queued]>
[2025-09-11T23:49:41.893+0000] {taskinstance.py:2076} INFO - Dependencies all met for dep_context=requeueable deps ti=<TaskInstance: train_model_dag_batch_iterative_85000.train_model_iterative manual__2025-09-11T23:48:52.263667+00:00 [queued]>
[2025-09-11T23:49:41.894+0000] {taskinstance.py:2306} INFO - Starting attempt 1 of 2
[2025-09-11T23:49:41.929+0000] {taskinstance.py:2330} INFO - Executing <Task(PythonOperator): train_model_iterative> on 2025-09-11 23:48:52.263667+00:00
[2025-09-11T23:49:41.948+0000] {standard_task_runner.py:63} INFO - Started process 1499 to run task
[2025-09-11T23:49:41.955+0000] {standard_task_runner.py:90} INFO - Running: ['airflow', 'tasks', 'run', 'train_model_dag_batch_iterative_85000', 'train_model_iterative', 'manual__2025-09-11T23:48:52.263667+00:00', '--job-id', '553', '--raw', '--subdir', 'DAGS_FOLDER/train_dag.py', '--cfg-path', '/tmp/tmp4mhqu1zc']
[2025-09-11T23:49:41.958+0000] {standard_task_runner.py:91} INFO - Job 553: Subtask train_model_iterative
[2025-09-11T23:49:42.040+0000] {task_command.py:426} INFO - Running <TaskInstance: train_model_dag_batch_iterative_85000.train_model_iterative manual__2025-09-11T23:48:52.263667+00:00 [running]> on host 71478ba8f4c1
[2025-09-11T23:49:42.201+0000] {taskinstance.py:2648} INFO - Exporting env vars: AIRFLOW_CTX_DAG_OWNER='airflow' AIRFLOW_CTX_DAG_ID='train_model_dag_batch_iterative_85000' AIRFLOW_CTX_TASK_ID='train_model_iterative' AIRFLOW_CTX_EXECUTION_DATE='2025-09-11T23:48:52.263667+00:00' AIRFLOW_CTX_TRY_NUMBER='1' AIRFLOW_CTX_DAG_RUN_ID='manual__2025-09-11T23:48:52.263667+00:00'
[2025-09-11T23:49:42.203+0000] {taskinstance.py:430} INFO - ::endgroup::
[2025-09-11T23:49:55.479+0000] {taskinstance.py:441} INFO - ::group::Post task execution logs
[2025-09-11T23:49:55.481+0000] {taskinstance.py:2905} ERROR - Task failed with exception
Traceback (most recent call last):
  File "/home/airflow/.local/lib/python3.8/site-packages/airflow/models/taskinstance.py", line 465, in _execute_task
    result = _execute_callable(context=context, **execute_callable_kwargs)
  File "/home/airflow/.local/lib/python3.8/site-packages/airflow/models/taskinstance.py", line 432, in _execute_callable
    return execute_callable(context=context, **execute_callable_kwargs)
  File "/home/airflow/.local/lib/python3.8/site-packages/airflow/models/baseoperator.py", line 401, in wrapper
    return func(self, *args, **kwargs)
  File "/home/airflow/.local/lib/python3.8/site-packages/airflow/operators/python.py", line 235, in execute
    return_value = self.execute_callable()
  File "/home/airflow/.local/lib/python3.8/site-packages/airflow/operators/python.py", line 252, in execute_callable
    return self.python_callable(*self.op_args, **self.op_kwargs)
  File "/opt/airflow/dags/train_dag.py", line 99, in send_batches_to_train_api
    raise Exception(f"Batch {idx} failed: {response.text}")
Exception: Batch 1 failed: {"detail":"Training failed: n_components=300 invalid for n_features=1, need more rows than columns for IncrementalPCA processing"}
[2025-09-11T23:49:55.503+0000] {taskinstance.py:1206} INFO - Marking task as UP_FOR_RETRY. dag_id=train_model_dag_batch_iterative_85000, task_id=train_model_iterative, run_id=manual__2025-09-11T23:48:52.263667+00:00, execution_date=20250911T234852, start_date=20250911T234941, end_date=20250911T234955
[2025-09-11T23:49:55.528+0000] {standard_task_runner.py:110} ERROR - Failed to execute job 553 for task train_model_iterative (Batch 1 failed: {"detail":"Training failed: n_components=300 invalid for n_features=1, need more rows than columns for IncrementalPCA processing"}; 1499)
[2025-09-11T23:49:55.566+0000] {local_task_job_runner.py:240} INFO - Task exited with return code 1
[2025-09-11T23:49:55.609+0000] {taskinstance.py:3503} INFO - 0 downstream tasks scheduled from follow-on schedule check
[2025-09-11T23:49:55.614+0000] {local_task_job_runner.py:222} INFO - ::endgroup::
