[2025-09-11T23:51:57.575+0000] {local_task_job_runner.py:120} INFO - ::group::Pre task execution logs
[2025-09-11T23:51:57.604+0000] {taskinstance.py:2076} INFO - Dependencies all met for dep_context=non-requeueable deps ti=<TaskInstance: train_model_dag_batch_iterative_85000.train_model_iterative manual__2025-09-11T23:48:52.263667+00:00 [queued]>
[2025-09-11T23:51:57.632+0000] {taskinstance.py:2076} INFO - Dependencies all met for dep_context=requeueable deps ti=<TaskInstance: train_model_dag_batch_iterative_85000.train_model_iterative manual__2025-09-11T23:48:52.263667+00:00 [queued]>
[2025-09-11T23:51:57.633+0000] {taskinstance.py:2306} INFO - Starting attempt 2 of 2
[2025-09-11T23:51:57.667+0000] {taskinstance.py:2330} INFO - Executing <Task(PythonOperator): train_model_iterative> on 2025-09-11 23:48:52.263667+00:00
[2025-09-11T23:51:57.679+0000] {standard_task_runner.py:63} INFO - Started process 1575 to run task
[2025-09-11T23:51:57.686+0000] {standard_task_runner.py:90} INFO - Running: ['airflow', 'tasks', 'run', 'train_model_dag_batch_iterative_85000', 'train_model_iterative', 'manual__2025-09-11T23:48:52.263667+00:00', '--job-id', '554', '--raw', '--subdir', 'DAGS_FOLDER/train_dag.py', '--cfg-path', '/tmp/tmpv4hy865e']
[2025-09-11T23:51:57.690+0000] {standard_task_runner.py:91} INFO - Job 554: Subtask train_model_iterative
[2025-09-11T23:51:57.838+0000] {task_command.py:426} INFO - Running <TaskInstance: train_model_dag_batch_iterative_85000.train_model_iterative manual__2025-09-11T23:48:52.263667+00:00 [running]> on host 71478ba8f4c1
[2025-09-11T23:51:58.019+0000] {taskinstance.py:2648} INFO - Exporting env vars: AIRFLOW_CTX_DAG_OWNER='airflow' AIRFLOW_CTX_DAG_ID='train_model_dag_batch_iterative_85000' AIRFLOW_CTX_TASK_ID='train_model_iterative' AIRFLOW_CTX_EXECUTION_DATE='2025-09-11T23:48:52.263667+00:00' AIRFLOW_CTX_TRY_NUMBER='2' AIRFLOW_CTX_DAG_RUN_ID='manual__2025-09-11T23:48:52.263667+00:00'
[2025-09-11T23:51:58.021+0000] {taskinstance.py:430} INFO - ::endgroup::
[2025-09-11T23:52:04.886+0000] {taskinstance.py:441} INFO - ::group::Post task execution logs
[2025-09-11T23:52:04.887+0000] {taskinstance.py:2905} ERROR - Task failed with exception
Traceback (most recent call last):
  File "/home/airflow/.local/lib/python3.8/site-packages/airflow/models/taskinstance.py", line 465, in _execute_task
    result = _execute_callable(context=context, **execute_callable_kwargs)
  File "/home/airflow/.local/lib/python3.8/site-packages/airflow/models/taskinstance.py", line 432, in _execute_callable
    return execute_callable(context=context, **execute_callable_kwargs)
  File "/home/airflow/.local/lib/python3.8/site-packages/airflow/models/baseoperator.py", line 401, in wrapper
    return func(self, *args, **kwargs)
  File "/home/airflow/.local/lib/python3.8/site-packages/airflow/operators/python.py", line 235, in execute
    return_value = self.execute_callable()
  File "/home/airflow/.local/lib/python3.8/site-packages/airflow/operators/python.py", line 252, in execute_callable
    return self.python_callable(*self.op_args, **self.op_kwargs)
  File "/opt/airflow/dags/train_dag.py", line 99, in send_batches_to_train_api
    raise Exception(f"Batch {idx} failed: {response.text}")
Exception: Batch 1 failed: {"detail":"Training failed: n_components=300 invalid for n_features=1, need more rows than columns for IncrementalPCA processing"}
[2025-09-11T23:52:04.903+0000] {taskinstance.py:1206} INFO - Marking task as FAILED. dag_id=train_model_dag_batch_iterative_85000, task_id=train_model_iterative, run_id=manual__2025-09-11T23:48:52.263667+00:00, execution_date=20250911T234852, start_date=20250911T235157, end_date=20250911T235204
[2025-09-11T23:52:04.923+0000] {standard_task_runner.py:110} ERROR - Failed to execute job 554 for task train_model_iterative (Batch 1 failed: {"detail":"Training failed: n_components=300 invalid for n_features=1, need more rows than columns for IncrementalPCA processing"}; 1575)
[2025-09-11T23:52:04.968+0000] {local_task_job_runner.py:240} INFO - Task exited with return code 1
[2025-09-11T23:52:05.008+0000] {taskinstance.py:3503} INFO - 0 downstream tasks scheduled from follow-on schedule check
[2025-09-11T23:52:05.017+0000] {local_task_job_runner.py:222} INFO - ::endgroup::
