[2025-09-16T17:18:40.326+0000] {local_task_job_runner.py:123} INFO - ::group::Pre task execution logs
[2025-09-16T17:18:40.367+0000] {taskinstance.py:2612} INFO - Dependencies all met for dep_context=non-requeueable deps ti=<TaskInstance: train_model_dag_batch_iterative_85000.check_training_data manual__2025-09-16T17:18:38.057807+00:00 [queued]>
[2025-09-16T17:18:40.383+0000] {taskinstance.py:2612} INFO - Dependencies all met for dep_context=requeueable deps ti=<TaskInstance: train_model_dag_batch_iterative_85000.check_training_data manual__2025-09-16T17:18:38.057807+00:00 [queued]>
[2025-09-16T17:18:40.384+0000] {taskinstance.py:2865} INFO - Starting attempt 1 of 2
[2025-09-16T17:18:40.411+0000] {taskinstance.py:2888} INFO - Executing <Task(BashOperator): check_training_data> on 2025-09-16 17:18:38.057807+00:00
[2025-09-16T17:18:40.469+0000] {logging_mixin.py:190} WARNING - /home/airflow/.local/lib/python3.12/site-packages/airflow/task/task_runner/standard_task_runner.py:70 DeprecationWarning: This process (pid=1184) is multi-threaded, use of fork() may lead to deadlocks in the child.
[2025-09-16T17:18:40.440+0000] {standard_task_runner.py:104} INFO - Running: ['airflow', 'tasks', 'run', 'train_model_dag_batch_iterative_85000', 'check_training_data', 'manual__2025-09-16T17:18:38.057807+00:00', '--job-id', '11', '--raw', '--subdir', 'DAGS_FOLDER/train_dag.py', '--cfg-path', '/tmp/tmp2ik97pbw']
[2025-09-16T17:18:40.477+0000] {standard_task_runner.py:72} INFO - Started process 1186 to run task
[2025-09-16T17:18:40.480+0000] {standard_task_runner.py:105} INFO - Job 11: Subtask check_training_data
[2025-09-16T17:18:40.733+0000] {task_command.py:467} INFO - Running <TaskInstance: train_model_dag_batch_iterative_85000.check_training_data manual__2025-09-16T17:18:38.057807+00:00 [running]> on host c319610dab68
[2025-09-16T17:18:40.936+0000] {taskinstance.py:3131} INFO - Exporting env vars: AIRFLOW_CTX_DAG_OWNER='airflow' AIRFLOW_CTX_DAG_ID='train_model_dag_batch_iterative_85000' AIRFLOW_CTX_TASK_ID='check_training_data' AIRFLOW_CTX_EXECUTION_DATE='2025-09-16T17:18:38.057807+00:00' AIRFLOW_CTX_TRY_NUMBER='1' AIRFLOW_CTX_DAG_RUN_ID='manual__2025-09-16T17:18:38.057807+00:00'
[2025-09-16T17:18:40.939+0000] {taskinstance.py:731} INFO - ::endgroup::
[2025-09-16T17:18:40.977+0000] {subprocess.py:63} INFO - Tmp dir root location: /tmp
[2025-09-16T17:18:40.981+0000] {subprocess.py:75} INFO - Running command: ['/usr/bin/bash', '-c', "echo '=== Checking training data availability ===' && ls -lh /opt/airflow/data/ && [ -f /opt/airflow/data/X_train_update.csv ] || (echo 'Missing X_train_update.csv' && exit 1) && [ -f /opt/airflow/data/Y_train_CVw08PX.csv ] || (echo 'Missing Y_train_CVw08PX.csv' && exit 1) && [ -d /opt/airflow/data/images/image_train/ ] || (echo 'Missing training images' && exit 1) && echo '✓ All training files are present'"]
[2025-09-16T17:18:41.008+0000] {subprocess.py:86} INFO - Output:
[2025-09-16T17:18:41.023+0000] {subprocess.py:93} INFO - === Checking training data availability ===
[2025-09-16T17:18:41.075+0000] {subprocess.py:93} INFO - total 622M
[2025-09-16T17:18:41.076+0000] {subprocess.py:93} INFO - -rwxrwxrwx 1 root root 8.5M Oct  9  2024 X_test_update.csv
[2025-09-16T17:18:41.077+0000] {subprocess.py:93} INFO - -rwxrwxrwx 1 root root  52M Aug 29 07:27 X_train_update.csv
[2025-09-16T17:18:41.078+0000] {subprocess.py:93} INFO - -rwxrwxrwx 1 root root 886K Oct  9  2024 Y_train_CVw08PX.csv
[2025-09-16T17:18:41.078+0000] {subprocess.py:93} INFO - drwxr-xr-x 1 root root  512 Sep  7 13:04 artifacts
[2025-09-16T17:18:41.079+0000] {subprocess.py:93} INFO - drwxr-xr-x 1 root root  512 Sep  5 23:36 feature_cache
[2025-09-16T17:18:41.080+0000] {subprocess.py:93} INFO - drwxr-xr-x 1 root root  512 Sep  7 08:35 features
[2025-09-16T17:18:41.081+0000] {subprocess.py:93} INFO - -rwxrwxrwx 1 root root 163M Sep 10 23:41 image_features.npy
[2025-09-16T17:18:41.082+0000] {subprocess.py:93} INFO - -rwxrwxrwx 1 root root  108 Sep 10 23:41 image_features.npy.dvc
[2025-09-16T17:18:41.083+0000] {subprocess.py:93} INFO - drwxrwxrwx 1 root root  512 Sep  6 18:41 images
[2025-09-16T17:18:41.083+0000] {subprocess.py:93} INFO - drwxrwxrwx 1 root root  512 Sep 15 09:20 imeage_sample
[2025-09-16T17:18:41.084+0000] {subprocess.py:93} INFO - -rwxrwxrwx 1 root root 398M Sep 10 23:41 text_features.npy
[2025-09-16T17:18:41.084+0000] {subprocess.py:93} INFO - -rwxrwxrwx 1 root root  107 Sep 10 23:41 text_features.npy.dvc
[2025-09-16T17:18:41.085+0000] {subprocess.py:93} INFO - ✓ All training files are present
[2025-09-16T17:18:41.086+0000] {subprocess.py:97} INFO - Command exited with return code 0
[2025-09-16T17:18:41.136+0000] {taskinstance.py:340} INFO - ::group::Post task execution logs
[2025-09-16T17:18:41.137+0000] {taskinstance.py:352} INFO - Marking task as SUCCESS. dag_id=train_model_dag_batch_iterative_85000, task_id=check_training_data, run_id=manual__2025-09-16T17:18:38.057807+00:00, execution_date=20250916T171838, start_date=20250916T171840, end_date=20250916T171841
[2025-09-16T17:18:41.191+0000] {local_task_job_runner.py:266} INFO - Task exited with return code 0
[2025-09-16T17:18:41.210+0000] {logging_mixin.py:190} WARNING - /home/airflow/.local/lib/python3.12/site-packages/airflow/models/baseoperator.py:1378 AirflowProviderDeprecationWarning: Call to deprecated class SimpleHttpOperator. (Class `SimpleHttpOperator` is deprecated and will be removed in a future release. Please use `HttpOperator` instead.)
[2025-09-16T17:18:41.248+0000] {taskinstance.py:3900} INFO - 4 downstream tasks scheduled from follow-on schedule check
[2025-09-16T17:18:41.251+0000] {local_task_job_runner.py:245} INFO - ::endgroup::
