[2025-09-16T17:11:17.550+0000] {local_task_job_runner.py:123} INFO - ::group::Pre task execution logs
[2025-09-16T17:11:17.597+0000] {taskinstance.py:2612} INFO - Dependencies all met for dep_context=non-requeueable deps ti=<TaskInstance: train_model_dag_batch_iterative_85000.wait_for_train_api manual__2025-09-16T17:11:09.955740+00:00 [queued]>
[2025-09-16T17:11:17.624+0000] {taskinstance.py:2612} INFO - Dependencies all met for dep_context=requeueable deps ti=<TaskInstance: train_model_dag_batch_iterative_85000.wait_for_train_api manual__2025-09-16T17:11:09.955740+00:00 [queued]>
[2025-09-16T17:11:17.626+0000] {taskinstance.py:2865} INFO - Starting attempt 1 of 2
[2025-09-16T17:11:17.675+0000] {taskinstance.py:2888} INFO - Executing <Task(HttpSensor): wait_for_train_api> on 2025-09-16 17:11:09.955740+00:00
[2025-09-16T17:11:17.722+0000] {standard_task_runner.py:104} INFO - Running: ['airflow', 'tasks', 'run', 'train_model_dag_batch_iterative_85000', 'wait_for_train_api', 'manual__2025-09-16T17:11:09.955740+00:00', '--job-id', '5', '--raw', '--subdir', 'DAGS_FOLDER/train_dag.py', '--cfg-path', '/tmp/tmpye8oeirn']
[2025-09-16T17:11:17.730+0000] {standard_task_runner.py:105} INFO - Job 5: Subtask wait_for_train_api
[2025-09-16T17:11:17.763+0000] {logging_mixin.py:190} WARNING - /home/airflow/.local/lib/python3.12/site-packages/airflow/task/task_runner/standard_task_runner.py:70 DeprecationWarning: This process (pid=886) is multi-threaded, use of fork() may lead to deadlocks in the child.
[2025-09-16T17:11:17.766+0000] {standard_task_runner.py:72} INFO - Started process 901 to run task
[2025-09-16T17:11:18.014+0000] {task_command.py:467} INFO - Running <TaskInstance: train_model_dag_batch_iterative_85000.wait_for_train_api manual__2025-09-16T17:11:09.955740+00:00 [running]> on host c319610dab68
[2025-09-16T17:11:18.283+0000] {taskinstance.py:3131} INFO - Exporting env vars: AIRFLOW_CTX_DAG_OWNER='airflow' AIRFLOW_CTX_DAG_ID='train_model_dag_batch_iterative_85000' AIRFLOW_CTX_TASK_ID='wait_for_train_api' AIRFLOW_CTX_EXECUTION_DATE='2025-09-16T17:11:09.955740+00:00' AIRFLOW_CTX_TRY_NUMBER='1' AIRFLOW_CTX_DAG_RUN_ID='manual__2025-09-16T17:11:09.955740+00:00'
[2025-09-16T17:11:18.287+0000] {taskinstance.py:731} INFO - ::endgroup::
[2025-09-16T17:11:18.337+0000] {baseoperator.py:405} WARNING - HttpSensor.execute cannot be called outside TaskInstance!
[2025-09-16T17:11:18.390+0000] {http.py:137} INFO - Poking: /health
[2025-09-16T17:11:18.398+0000] {base.py:84} INFO - Retrieving connection 'train_api'
[2025-09-16T17:11:18.427+0000] {base.py:336} INFO - Success criteria met. Exiting.
[2025-09-16T17:11:18.461+0000] {taskinstance.py:340} INFO - ::group::Post task execution logs
[2025-09-16T17:11:18.463+0000] {taskinstance.py:352} INFO - Marking task as SUCCESS. dag_id=train_model_dag_batch_iterative_85000, task_id=wait_for_train_api, run_id=manual__2025-09-16T17:11:09.955740+00:00, execution_date=20250916T171109, start_date=20250916T171117, end_date=20250916T171118
[2025-09-16T17:11:18.532+0000] {local_task_job_runner.py:266} INFO - Task exited with return code 0
[2025-09-16T17:11:18.553+0000] {local_task_job_runner.py:245} INFO - ::endgroup::
